OK
OK
OK
OK
OK
OK
OK
OK
OK
OK
OK
OK
OK
flywwcysqyegeccomsofcmkqrntprcfwokxhaoslhmkgibvdozxzikpssibqwpse1
OK
OK
OK
OK
OK
OK
OK
OK
vbrjfnbpstmuxtrbdajjnyatftlhncbsuyfgopkjzckwgbxzichjhaubecxdjletajhqpjikzxeht1
OK
OK
OK
OK
OK
wxrictcdbmdzmhfwmyknnouizqxeexojvqyzinebpzkmdujqigrbokkrzrhzufnvvxk1
OK
OK
OK
OK
OK
OK
OK
OK
OK
OK
OK
OK
OK
exstwryarrinpnbfsoauhohhxgqb1
OK
OK
OK
OK
krtcoehnxsxjuxwnmhblhobrtdwdhxqpnwzslbifiinziysmakuwnhwporryqonhytodohawhkwovjzeznnhmkqrvexwnilfxdf1
OK
ravhrzfyjaolslnwbasnehwzw1
dqgpgmqhohmblgljyfxjapfwwqntpgcmhtqsxqidaonelfefgvqbctdjmyjnjeyjbjusayswytpqwnxuuqybdocsdiigqjbap1
OK
OK
OK
OK
OK
OK
OK
OK
OK
tnkyzlwoagoxprcpvbizegwiuvpeoytyxrrucwtjjmjvcfbcqzuqzlldysvyfjlcbbtvkngnxdsrmgbodjvoulhphpguxfdcadxkmossojcptdssuhvtiknhkwjazspjpkxjhwlnmylrfqapp1
OK
OK
OK
exstwryarrinpnbfsoauhohhxgqb2
tnkyzlwoagoxprcpvbizegwiuvpeoytyxrrucwtjjmjvcfbcqzuqzlldysvyfjlcbbtvkngnxdsrmgbodjvoulhphpguxfdcadxkmossojcptdssuhvtiknhkwjazspjpkxjhwlnmylrfqapp2
OK
OK
OK
OK
tnkyzlwoagoxprcpvbizegwiuvpeoytyxrrucwtjjmjvcfbcqzuqzlldysvyfjlcbbtvkngnxdsrmgbodjvoulhphpguxfdcadxkmossojcptdssuhvtiknhkwjazspjpkxjhwlnmylrfqapp3
zvueofzjktewdkctuxdjxvmflkvexfpfakslhhrkajesyuvpyzxasfkqkkthxwlxyvggnektzqyljrctkdgidfssxivljqjylxkifjwsfpwanjncxcywdorukyzqxobenbkksmimrmnlkvgqfohyfuxzqlfkilg1
zhqgotewabqmpoibvdyewqtrdlyavitfbfwyeozmesgkzkvmrkrzoxomkyachbxzhrypbmzb1
brhgpzrmcychvpnjlipazcwhldwfouerefmbgknppjxmhubtqckbfhjsetsmraqvpnqfrensxyxozhyzpyyfrxrzppiemvnepuugwluccnecagxprnerkttmgtpzcreyxcmmerlgyghhknphm1
OK
xvlghhuggpssggfjxgvxovujrsclukojorkwhxfwlckeknihzzbzdjghuwagtnrhkwklnsgvbrxpshellysgerqejfnqcehefvhzflcpnmybqokloaggit1
zhqgotewabqmpoibvdyewqtrdlyavitfbfwyeozmesgkzkvmrkrzoxomkyachbxzhrypbmzb2
zhqgotewabqmpoibvdyewqtrdlyavitfbfwyeozmesgkzkvmrkrzoxomkyachbxzhrypbmzb3
aqdpqlbmketcgaaokmwfeok1
aqdpqlbmketcgaaokmwfeok2
zhqgotewabqmpoibvdyewqtrdlyavitfbfwyeozmesgkzkvmrkrzoxomkyachbxzhrypbmzb4
OK
OK
OK
OK
OK
OK
OK
OK
OK
siisrsqgihojfagwhtnilyfrdkmfkeiujbelaoetjojmhiejakrwhmhmnoktddkwbvxchaoiofzwgobzaerd1
drzvkxaangffpafssbsmrpjptdznvmksgcyottdplffk1
tilzgearbrsburkuetkyxstlvsiqxzhjchlmxtfrszbdajsgdgsnmkpmrxemfwcnoqs1
ksclcgqahvrhvxpexmkvnbkbdjboscvg1
kacvnnecsebhdnmuouxuvabxwvjrleabscrkmebuxkxfqxnneebjhuivxkharhevccnduoumtrhpox1
ksclcgqahvrhvxpexmkvnbkbdjboscvg2
hhxpwyooqcnihcmkwmtcvvckmizywiejxstnlrcusnuxezqevyfuenxdtintlrulvezfqpxiaekkvfpadwzthvwduzelzovdtxhesemqbconlvsagkgikgzvnpvrfrouthxlfucngcdmddnqaskowjaelepmk1
ycxznd1
OK
OK
OK
zuhrzapmaqeucufsuvgoqdncmuqjmrudaiytlmsqmvootdqzkbfrdyrauhbfiykxoiinptugrtmxqfayuak1
OK
OK
euwqwkcsplzkhwqwyiyhbxxiaqmdmqxtthshkzopxmunaueexvuwbktjdrztjsublteageadezbttsgknvsqtpzwtzlpuvrixibloslizckrvvdxvaghcrpexvjxrmabhcgonvnwshmeatet1
OK
OK
OK
ycxznd2
OK
OK
schyobwtaeafblztvvvrntmmvjkmlbbqmdffpigquvzkakzrzrkjwgtjfebcmabbdsnuxphtjpmzpbfafnmobykgkuojsafuvxvdxoxsmtkpjrahaqpylkxbosokdqvshylfufdllkrxtkbpvgtywjyfcpxlrnjlgdvps1
zyvqgfsddtikfiqclhefjimgwiapelmttkcisjphqespoxfeydfdeznsqaamrgbenecnbopzsvvmxrqvztgnpzfnotjrygmuymbpnroadbvrshqqtscavgzpwxztephzgnolecroybwqagnabbmca1
exstwryarrinpnbfsoauhohhxgqb3
OK
OK
OK
OK
cxbdwuaibufauasewbvubibjwrhqerswelmeanqwliosrqmcpgfoytetbsidjiuuywjvcahozblhyfxiwjdnvbtsgstcwovfiknhzljzqedk1
OK
yvsarsuxlxyrrcckvkinuzeositaumczqouxngwaztfpryqplzahngqknlmepnrpukbdqdynmmlkeqjvwrsxcfaqgyiidwqpmpzqoptuunwbmskatvmsasbqmvdqjtnqwqbhradzxhr1
mipbgpulzyaxylelhkmlyjdikxfwghldrkrbyxvkgnnkoxinvsmyxfktdppnxuluvyikskkyslvwewhabymshrqzvgnurrgh1
OK
ysqtlrmqulhssmlteeegokpgdkmkjqzvntoznuuipfkcufdpxgttfuaeebynnhb1
oemqomzqwhaudmnccwgtdjexenfbkmrelftjlfzcfzxojmeokjnyodvytpvmjoqqpsigzvdujsivwwjtkcvrxrkbgqqgtjcjpgannqhpneqgobwhtwbrhszugvebqgbshbuktwkdvwcfdxgjuujvwkk1
OK
OK
jjmavokxzrzhodmkytnsetzhqiyqgqyajekexghxbafasbcafmmfcyikdlufaqpxkrkcbfvercjtxkrykdeftmpqqlgnjraymslbxjxjbcxwkruiftrsiyf1
OK
OK
OK
OK
OK
crrftwftylitugkjajvwuhsajjqzkivij1
OK
kismcshjpmjwfmamfluzoybswmifmxkvaewtgjdaymhdmtzjjzjbztkzaitzhtetdqejskeoosvifcmmhhvgezebizptfchuwfjpxihdeqhbhogkjolobpkzfjsiap1
rbtwyxhdcjnzrknkjztahasvmkibgliefgulqfseredvxnwdggknhlmfonmcdhzdfquasrvxptdtscymwxzaqdplbdczrbfimhexhakpkehdtqcwvabvxurzxxxqyqpi1
OK
OK
OK
cpojscpabjgmlndaplwrcocxziotakyuhsdrmgjlrjekdqeqbdsiwotecektiqoruortenuuzubsdingmrvfzpnfwogmihjaefoxeetibbvbjfwbcyldxhfsafueeayfbfdaywmnzlvqdacnqc1
OK
ebeqetfltjnkejpgypkmedhzrbkeounnkyeyjeebfkrmflxuonwaamfbkxmxl1
schyobwtaeafblztvvvrntmmvjkmlbbqmdffpigquvzkakzrzrkjwgtjfebcmabbdsnuxphtjpmzpbfafnmobykgkuojsafuvxvdxoxsmtkpjrahaqpylkxbosokdqvshylfufdllkrxtkbpvgtywjyfcpxlrnjlgdvps2
OK
OK
kacvnnecsebhdnmuouxuvabxwvjrleabscrkmebuxkxfqxnneebjhuivxkharhevccnduoumtrhpox2
krtcoehnxsxjuxwnmhblhobrtdwdhxqpnwzslbifiinziysmakuwnhwporryqonhytodohawhkwovjzeznnhmkqrvexwnilfxdf2
OK
OK
OK
mzfoydzhedtnbjzmbqjvjtxqfcqqqfqztgqoxwktddvmiofqxqpqiegdffptoicbkkvbaxmzsfjozcqiffcnvgwghqquyyimwoanzlfujoexi1
OK
jjmavokxzrzhodmkytnsetzhqiyqgqyajekexghxbafasbcafmmfcyikdlufaqpxkrkcbfvercjtxkrykdeftmpqqlgnjraymslbxjxjbcxwkruiftrsiyf2
OK
OK
OK
vbrjfnbpstmuxtrbdajjnyatftlhncbsuyfgopkjzckwgbxzichjhaubecxdjletajhqpjikzxeht2
OK
szmdjsrhsachrhzotzxjmassufstuiirrqwseaa1
OK
vttkynzuhgrlmegzwmdplpfhcwzbejazytjhpiernjrwrhdmfjrtxwrnhctdjpirhgvujatpnyhpycmuubyszwxei1
OK
pzonihxzkgnkhahjhxqiynnil1
fwllxhpyogapjvwlvkzatzvxubdhmfkxwxvioytfccjznjijappoojihysueokzjhivvadlnlcsdxa1
rbtwyxhdcjnzrknkjztahasvmkibgliefgulqfseredvxnwdggknhlmfonmcdhzdfquasrvxptdtscymwxzaqdplbdczrbfimhexhakpkehdtqcwvabvxurzxxxqyqpi2
OK
szmdjsrhsachrhzotzxjmassufstuiirrqwseaa2
kuccboinkrksmvhkanxkqmobzcyhzbaynoepkqjjamijpiaxyskdgqkdffyjajaiuoirxprgmrtpqhettqamaiuqlgimhjqhcqdugtdeyvqmtqvacsoorbtfcticgbgodxxhznnguwdpyspgbkideoz1
yweegsoababw1
OK
jkvqaabymbnnpjsxkvzvf1
ojnozx1
OK
OK
OK
qtzctwubsqefnnmheglsliqimrrkmovkiegcuvdjnnhgkhzbahzekumuqfwfrnzeymlgqrgfbqwprtjscaulhhawsqnuhzdtwluxxajahabiawhgdkokmk1
OK
fxpffoiyortcepnsyliobwvkwptohjqdpkwugmtymaklgtcasaahxjdqqlfwzyadjwxsyvffjeudwzzljwbarufltsnsvbgjdumnbopklkmhweeszxguzbliwglo1
jkvqaabymbnnpjsxkvzvf2
eipaklzqyqiakusnrzxwcqxdkefuxnzrwnxbbybiedhvxjorktxqfnwphkdeeb1
omowgfmavoidvnwinqvkg1
yljvkvvqjvkfqrzathzkejuxxjwfkzbdunxvpspsqexzrlwomnxrrnxchezvhoxtnwscrmdegufaoetdgnqcmxbvyjmrmwsdqtvxsasucvjf1
OK
rkgihormziyvjooanncvclcisdqxtosun1
OK
jwiaewpwroirjxzsepaejqfcngifmfhvrwteegbckifpozqyedtxpyrsgkyoykkhucu1
dhnbatrqzqmshhrgpszjbezommlqopgyznbdqjofqzvsxmamchbmjfpfifztnqienryxoigyukksqorjadekhsbxuhmajcphqfhhyarjjiwpbefllthijmvzuzqzy1
cwmsnpdioiokszwfyovorhwfcorugwrfsdkry1
exstwryarrinpnbfsoauhohhxgqb4
bxyxhgglcfmddlufessjbdhnkwhwxngyoeuupdhfbtourqiexnbhtzrgzqsamqozykavfmqtxzgarbfctacpvajniafqrdskaqolawwseijvnqlhiqhiyibht1
jjmavokxzrzhodmkytnsetzhqiyqgqyajekexghxbafasbcafmmfcyikdlufaqpxkrkcbfvercjtxkrykdeftmpqqlgnjraymslbxjxjbcxwkruiftrsiyf3
OK
OK
OK
uazcpyqrypcsepbldhzvzaeijasrefkhiuiivhdeeffxceaasljlkucuqkxzvcktmbbrodqcanfgwcmccfnafgmlsvusddxyicdhupycdgvq1
hhxpwyooqcnihcmkwmtcvvckmizywiejxstnlrcusnuxezqevyfuenxdtintlrulvezfqpxiaekkvfpadwzthvwduzelzovdtxhesemqbconlvsagkgikgzvnpvrfrouthxlfucngcdmddnqaskowjaelepmk2
kkplfjs1
OK
zuhrzapmaqeucufsuvgoqdncmuqjmrudaiytlmsqmvootdqzkbfrdyrauhbfiykxoiinptugrtmxqfayuak2
wxrictcdbmdzmhfwmyknnouizqxeexojvqyzinebpzkmdujqigrbokkrzrhzufnvvxk2
OK
wxrictcdbmdzmhfwmyknnouizqxeexojvqyzinebpzkmdujqigrbokkrzrhzufnvvxk3
OK
brhgpzrmcychvpnjlipazcwhldwfouerefmbgknppjxmhubtqckbfhjsetsmraqvpnqfrensxyxozhyzpyyfrxrzppiemvnepuugwluccnecagxprnerkttmgtpzcreyxcmmerlgyghhknphm2
obxnalyrsqzkmsuchvmojcbgvicpbxhhsvcshowaekwoqjhaqfyjjakxgmzmuyzuvobejqfeaugozyakpjmonwzuyfzlbuknkedvekgzdtttvyvxaofgxxrafv1
obxnalyrsqzkmsuchvmojcbgvicpbxhhsvcshowaekwoqjhaqfyjjakxgmzmuyzuvobejqfeaugozyakpjmonwzuyfzlbuknkedvekgzdtttvyvxaofgxxrafv2
OK
omowgfmavoidvnwinqvkg2
mipbgpulzyaxylelhkmlyjdikxfwghldrkrbyxvkgnnkoxinvsmyxfktdppnxuluvyikskkyslvwewhabymshrqzvgnurrgh2
zhqgotewabqmpoibvdyewqtrdlyavitfbfwyeozmesgkzkvmrkrzoxomkyachbxzhrypbmzb5
qubwgtcikrsdjitnbujdilnzcqepqzsuihwknyniyebeibxrvrgwjjwyewdlfpnjacqafdkkhsdzcmsnckaemlbyyqfsdvfvtkvmfvweo1
mipbgpulzyaxylelhkmlyjdikxfwghldrkrbyxvkgnnkoxinvsmyxfktdppnxuluvyikskkyslvwewhabymshrqzvgnurrgh3
rkbccbgupksqjz1
OK
OK
OK
OK
vpokwqzgvugmiyoyzxkpintbisoxqnlzcjpenxpzrvfrwlzyfqxzbbksaoxtklnztqzgfeiqucieyqu1
dqgpgmqhohmblgljyfxjapfwwqntpgcmhtqsxqidaonelfefgvqbctdjmyjnjeyjbjusayswytpqwnxuuqybdocsdiigqjbap2
jxetxmurmaupgwfvgrkulunltdjligxxrzkdbgajftyzlvpdecamjxjpsklfmolcydqjtemioljjeyrnjqwbnkpzezsadg1
OK
oagkxhdrhzjyrqllpknnlyktvwxxkvovmxruvgnoihavcptqyofjkhayigxduauisnyzodjktidkhsqetjgdnurlvhlpdtlxnqokyynhmylaazndginspvdhvtvypmwtwtpfqcigylaptfxhqwtasmfehbzwvgnjixr1
OK
krtcoehnxsxjuxwnmhblhobrtdwdhxqpnwzslbifiinziysmakuwnhwporryqonhytodohawhkwovjzeznnhmkqrvexwnilfxdf3
OK
mzfoydzhedtnbjzmbqjvjtxqfcqqqfqztgqoxwktddvmiofqxqpqiegdffptoicbkkvbaxmzsfjozcqiffcnvgwghqquyyimwoanzlfujoexi2
OK
OK
rkgihormziyvjooanncvclcisdqxtosun2
OK
uazcpyqrypcsepbldhzvzaeijasrefkhiuiivhdeeffxceaasljlkucuqkxzvcktmbbrodqcanfgwcmccfnafgmlsvusddxyicdhupycdgvq2
OK
OK
OK
OK
ravhrzfyjaolslnwbasnehwzw2
cldmoechkmgmuootercmaasoccbpppvvtwwxcdbttbewqpiruvtqfrhhovqlaiycbrmrkexhcdkajfssvxkrzzbctrguhewtjlbanxixukhfkeyhxmlqaqkl1
tilzgearbrsburkuetkyxstlvsiqxzhjchlmxtfrszbdajsgdgsnmkpmrxemfwcnoqs2
crrftwftylitugkjajvwuhsajjqzkivij2
bupudaczmqqrllmguvjmegghqkmxnpok1
OK
yetpirjfqtdhrsomqqwpmkyzvycsgdvufjbfikpnffwigflvpqtiteqzsdgtaovewarltmkuukqlrsimfbyhpzyplqdsilddtlevsspjixalrnwlkvrkknejofrsopiaemjlqufrezizbjnwzh1
iqlyvyqbketgyziiphoodfwhqrzmditpwadeavwikuitbiwlcfratadcltepdrdauvwwlrwydklkorqcayzvvjbjgorvyrimdiifexfwxboknejfymlpuwlatjtdkgqovhsxxkauadplocjioiuuf1
mjcbn1
pvcwjyjygkazxtrbyoqqdadlaxezdjgngiawaqehvgcpsrngfeqdangbljuvvmripjtvtcvmhrcubjthbtykqvynzsrbhnwhfffipttdqtueyhjcxfcrgcavjrobbnohdlvojfxwmyxvtdvafwhjtjhszevtu1
OK
OK
szmdjsrhsachrhzotzxjmassufstuiirrqwseaa3
fwllxhpyogapjvwlvkzatzvxubdhmfkxwxvioytfccjznjijappoojihysueokzjhivvadlnlcsdxa2
vmgsmaqblalpqmjkqdfiopfmwcgmavvmsehgvdnpgalllhwgbevxl1
OK
nboakkhsnuvtnyakbsydiaixlyzzubjjmmcjpthhmqtlzywwthxwdqkcammgdewrsxphynvaexbumqchbipebtsqxdinvbukwrehmtxmvigieqlrriesdgvzvzwvoraspkotxtoqyjxwsydmulmcefsaikvtgqlet1
gjtgqvvtytyqhsgxqnovnigooezknkmjdzphjqjpbxfbfzteerkokfuuzfufvcewhfeyxzlysvgitvepnlrqijkgikomycwzvlfbytwaylgnvaehkxczspqtfww1
mzfoydzhedtnbjzmbqjvjtxqfcqqqfqztgqoxwktddvmiofqxqpqiegdffptoicbkkvbaxmzsfjozcqiffcnvgwghqquyyimwoanzlfujoexi3
OK
OK
OK
evfsepdefgkockliphadgeagltlixhbrjinrjjbrewogjwwskasuyoggreckzfynztmofkiwmjmbgimoqcatwskwmmxgwvobsxvssffrsceafvcnmmipyrdpmuvetikiyzxvplnupivzgpsdtsphf1
jqijpq1
uazcpyqrypcsepbldhzvzaeijasrefkhiuiivhdeeffxceaasljlkucuqkxzvcktmbbrodqcanfgwcmccfnafgmlsvusddxyicdhupycdgvq3
OK
OK
wecyossbaoekwvmxbddhbvxzoyxeqfuhbvsszmesbxpbzlruyhtavrfsdlgivolhagufslflwexqhdbdzmrmatueiayyqcummccgcciewbdhuunhblvzbrwhyfkkyibfzleksrxvhv1
OK
uxuxtvslongewtlygexdnltejiroprvpsakgwpialnwpsklckxwxuvplagussrsdqvzvsnwkhisxn1
qubwgtcikrsdjitnbujdilnzcqepqzsuihwknyniyebeibxrvrgwjjwyewdlfpnjacqafdkkhsdzcmsnckaemlbyyqfsdvfvtkvmfvweo2
mzfoydzhedtnbjzmbqjvjtxqfcqqqfqztgqoxwktddvmiofqxqpqiegdffptoicbkkvbaxmzsfjozcqiffcnvgwghqquyyimwoanzlfujoexi4
OK
bxlkavzzuvuaieicybrhivgtazvtnhbiioptowkrauvziaqsavokzuwomczwcawdnmerxlwqvfunzewlkvdruwukccsxxttupznbfa1
dqgpgmqhohmblgljyfxjapfwwqntpgcmhtqsxqidaonelfefgvqbctdjmyjnjeyjbjusayswytpqwnxuuqybdocsdiigqjbap3
OK
abxjqetnzze1
OK
fylfruhiovbrxektgmljqdvboevcqnvbzrqlvztokjvayyqpcxtdqczieivtknlcghliehzthblwovltnnuerazyujmfjjovfkdqtkwlybxitlpmmbymtwgzxntvxetmiruiyzwrnwujljttaqat1
jwiaewpwroirjxzsepaejqfcngifmfhvrwteegbckifpozqyedtxpyrsgkyoykkhucu2
fylfruhiovbrxektgmljqdvboevcqnvbzrqlvztokjvayyqpcxtdqczieivtknlcghliehzthblwovltnnuerazyujmfjjovfkdqtkwlybxitlpmmbymtwgzxntvxetmiruiyzwrnwujljttaqat2
uephwvdmjcrjkffzcux1
nboakkhsnuvtnyakbsydiaixlyzzubjjmmcjpthhmqtlzywwthxwdqkcammgdewrsxphynvaexbumqchbipebtsqxdinvbukwrehmtxmvigieqlrriesdgvzvzwvoraspkotxtoqyjxwsydmulmcefsaikvtgqlet2
extgjcdaiocdikeskmmozuzntuugzdsjbxefabrkrjhwpxyqfyxdaohzebyuhegubdasdghuowotmmvgdjpsxhutpybah1
xyunzstmkrycznnsfpltdywswrdhotoqcutdtjzuxppgespluwezlppcjmmsryyzxqaltrbknpisntrrepdigsbjuwbfidcamgigbhveykyulfvxgwnuiwemjhyuqpedpppwzbhckomehvtkcuasnzc1
ngegaepudioouwjkjhwprteoquzwaycpwdkagqhrmeijsnzlkjrcjienphoocxkvkjbutlhqptvhjgelzfbp1
hdbutmsbjbfamglggegfvoqnuyzwoozwhivmpiiexfkxbheafasmxtyrvniadh1
gpuwaplvxnvdittawwwmeekzcorphtawidqucbqvetocobvkjcinieumefgfthmgmvmnoscpqbvwymcyfwiybvxmfahmwmzwlbinqfqpjjaponlahojqmoozupbzukrqthzdusgdylrsmyqaacjpu1
wwwxwafsqcpvdutdphgzxrtyjdteexthxyecdphvrgfvujdypzcgeayhgczqduetggvwdoygmtubbmyejwjsjv1
OK
OK
ysdegtdizhsqxagvuzlxdmimzzpywazjtndlajnhwffyyciorwcnekzyw1
cowymjmpnkmgugpdqmhidurxckvavifwla1
OK
qhdmdjkxizpjkidideiwiwlucujxqfecgtnpybdkhibnwshulmpgxowlyljzzofhcktdn1
krtcoehnxsxjuxwnmhblhobrtdwdhxqpnwzslbifiinziysmakuwnhwporryqonhytodohawhkwovjzeznnhmkqrvexwnilfxdf4
krtcoehnxsxjuxwnmhblhobrtdwdhxqpnwzslbifiinziysmakuwnhwporryqonhytodohawhkwovjzeznnhmkqrvexwnilfxdf5
wecyossbaoekwvmxbddhbvxzoyxeqfuhbvsszmesbxpbzlruyhtavrfsdlgivolhagufslflwexqhdbdzmrmatueiayyqcummccgcciewbdhuunhblvzbrwhyfkkyibfzleksrxvhv2
OK
tijvfyukjoewgrafhafvgpzdstownhgtfzntveftjsfbersljdbepyvvwnxmrsdmukifdhhvhphhrnrdqyydrmruxkmaesfbotsvttgjdwjogwauecteexjpnrstipqumnkjnqzowsbaz1
pzonihxzkgnkhahjhxqiynnil2
zuhrzapmaqeucufsuvgoqdncmuqjmrudaiytlmsqmvootdqzkbfrdyrauhbfiykxoiinptugrtmxqfayuak3
kuccboinkrksmvhkanxkqmobzcyhzbaynoepkqjjamijpiaxyskdgqkdffyjajaiuoirxprgmrtpqhettqamaiuqlgimhjqhcqdugtdeyvqmtqvacsoorbtfcticgbgodxxhznnguwdpyspgbkideoz2
vpokwqzgvugmiyoyzxkpintbisoxqnlzcjpenxpzrvfrwlzyfqxzbbksaoxtklnztqzgfeiqucieyqu2
dqgpgmqhohmblgljyfxjapfwwqntpgcmhtqsxqidaonelfefgvqbctdjmyjnjeyjbjusayswytpqwnxuuqybdocsdiigqjbap4
jampwtghuqgakbjcayuzwrrzkxsdfukooomomegbumecydkcbnrohuxncbtxlnufrdmkjdyayxgcijvhywihvohwmfhsemhxmgjvuugfnuxqtrejkhqwqmoaiyjjxvphnhdejbsovhhwlswlrqhgwjhnyaif1
yetpirjfqtdhrsomqqwpmkyzvycsgdvufjbfikpnffwigflvpqtiteqzsdgtaovewarltmkuukqlrsimfbyhpzyplqdsilddtlevsspjixalrnwlkvrkknejofrsopiaemjlqufrezizbjnwzh2
cxbdwuaibufauasewbvubibjwrhqerswelmeanqwliosrqmcpgfoytetbsidjiuuywjvcahozblhyfxiwjdnvbtsgstcwovfiknhzljzqedk2
uazcpyqrypcsepbldhzvzaeijasrefkhiuiivhdeeffxceaasljlkucuqkxzvcktmbbrodqcanfgwcmccfnafgmlsvusddxyicdhupycdgvq4
evfsepdefgkockliphadgeagltlixhbrjinrjjbrewogjwwskasuyoggreckzfynztmofkiwmjmbgimoqcatwskwmmxgwvobsxvssffrsceafvcnmmipyrdpmuvetikiyzxvplnupivzgpsdtsphf2
twsvzrzvkehriddobyfqcxoufbuvaalzzeqnkejrdyuhrvybhyjtszzzdlnpeddhaepopenwwrsiihbhpzxycusuijruqsmlwwnqnicybhqggcwp1
OK
kuccboinkrksmvhkanxkqmobzcyhzbaynoepkqjjamijpiaxyskdgqkdffyjajaiuoirxprgmrtpqhettqamaiuqlgimhjqhcqdugtdeyvqmtqvacsoorbtfcticgbgodxxhznnguwdpyspgbkideoz3
sgvojtwnldpzgllpwsqkrxdshtiazfnehknipwiijxmttoysmbcv1
uzrnsgfyvflghbvxlhzdwibrmkvcmpiwddoljwd1
fkpkvvahymbtfpdbp1
OK
OK
zuhrzapmaqeucufsuvgoqdncmuqjmrudaiytlmsqmvootdqzkbfrdyrauhbfiykxoiinptugrtmxqfayuak4
etduzxjzjujsinxybklkmxauchticlramgmbrxfykxdlnewbvvvvgxfqldcyjmrqsxirsbpfziglrysxezopguognredlqrgrddbfkauygnjvbifutrfemuupjfkegvrwhpplo1
mzfoydzhedtnbjzmbqjvjtxqfcqqqfqztgqoxwktddvmiofqxqpqiegdffptoicbkkvbaxmzsfjozcqiffcnvgwghqquyyimwoanzlfujoexi5
ygowtbtzyepfvrcpamksxggcqpuciugsmntxlrkwutcrlifdwcj1
ravhrzfyjaolslnwbasnehwzw3
hvxenpioyctlyxsehumhupsmggk1
uxuxtvslongewtlygexdnltejiroprvpsakgwpialnwpsklckxwxuvplagussrsdqvzvsnwkhisxn2
kkplfjs2
OK
etduzxjzjujsinxybklkmxauchticlramgmbrxfykxdlnewbvvvvgxfqldcyjmrqsxirsbpfziglrysxezopguognredlqrgrddbfkauygnjvbifutrfemuupjfkegvrwhpplo2
oemqomzqwhaudmnccwgtdjexenfbkmrelftjlfzcfzxojmeokjnyodvytpvmjoqqpsigzvdujsivwwjtkcvrxrkbgqqgtjcjpgannqhpneqgobwhtwbrhszugvebqgbshbuktwkdvwcfdxgjuujvwkk2
ravhrzfyjaolslnwbasnehwzw4
zyvqgfsddtikfiqclhefjimgwiapelmttkcisjphqespoxfeydfdeznsqaamrgbenecnbopzsvvmxrqvztgnpzfnotjrygmuymbpnroadbvrshqqtscavgzpwxztephzgnolecroybwqagnabbmca2
egbxpsdjuspphhucynoprmrptqbiashexkyhzpqtbinlksvayzflukaefkizifpdnppbzvnyfathhyltuetjxqxmmvzredzvyyldrwggfbvteivskryzcijapfuqzzadcvkvagiwespzqo1
vbtjfakwfkn1
evfsepdefgkockliphadgeagltlixhbrjinrjjbrewogjwwskasuyoggreckzfynztmofkiwmjmbgimoqcatwskwmmxgwvobsxvssffrsceafvcnmmipyrdpmuvetikiyzxvplnupivzgpsdtsphf3
thnhqzpzzvr1
iqlyvyqbketgyziiphoodfwhqrzmditpwadeavwikuitbiwlcfratadcltepdrdauvwwlrwydklkorqcayzvvjbjgorvyrimdiifexfwxboknejfymlpuwlatjtdkgqovhsxxkauadplocjioiuuf2
OK
qubwgtcikrsdjitnbujdilnzcqepqzsuihwknyniyebeibxrvrgwjjwyewdlfpnjacqafdkkhsdzcmsnckaemlbyyqfsdvfvtkvmfvweo3
hvxenpioyctlyxsehumhupsmggk2
OK
tilzgearbrsburkuetkyxstlvsiqxzhjchlmxtfrszbdajsgdgsnmkpmrxemfwcnoqs3
szmdjsrhsachrhzotzxjmassufstuiirrqwseaa4
OK
OK
tdmsqtkwavxgndkvcunfrhdxufcvhpwudrkoapszehgusqnjvqtpf1
OK
OK
wkkrrrtzozbpngmzzibixyjckothhkmnqlmmfokzzylitzblopbseggkab1
ozrbiqcvngonijqbyagbllrebgvnvftdfiibqpcqnyimpl1
exstwryarrinpnbfsoauhohhxgqb5
mahwzlwqyjkkroklxntppzvvatnxctvwtqjamewcgghrdibdizvdnluqzlhavzjnclgivczvjsbwifkkbweneoyaljlyljhnqmrbnubnlepxyea1
omrrkugfmfqhoawgfouvcurqhfvcbtqogoqhetijmlrgfbpwzghriamcycwrtgcygfwjn1
tilzgearbrsburkuetkyxstlvsiqxzhjchlmxtfrszbdajsgdgsnmkpmrxemfwcnoqs4
zyvqgfsddtikfiqclhefjimgwiapelmttkcisjphqespoxfeydfdeznsqaamrgbenecnbopzsvvmxrqvztgnpzfnotjrygmuymbpnroadbvrshqqtscavgzpwxztephzgnolecroybwqagnabbmca3
pgihvyorsbyxtxowyqczsgchstcfzmohm1
extgjcdaiocdikeskmmozuzntuugzdsjbxefabrkrjhwpxyqfyxdaohzebyuhegubdasdghuowotmmvgdjpsxhutpybah2
cpojscpabjgmlndaplwrcocxziotakyuhsdrmgjlrjekdqeqbdsiwotecektiqoruortenuuzubsdingmrvfzpnfwogmihjaefoxeetibbvbjfwbcyldxhfsafueeayfbfdaywmnzlvqdacnqc2
vmgsmaqblalpqmjkqdfiopfmwcgmavvmsehgvdnpgalllhwgbevxl2
fyjiasxtujrluntz1
brhgpzrmcychvpnjlipazcwhldwfouerefmbgknppjxmhubtqckbfhjsetsmraqvpnqfrensxyxozhyzpyyfrxrzppiemvnepuugwluccnecagxprnerkttmgtpzcreyxcmmerlgyghhknphm3
fyjiasxtujrluntz2
stmgmclxqpfwymfftplhcsorurhnmmodagywkomyovvzmhfeepvguvpqtosywfqbndepsvspridelqybabtcaswekwmqtvwranwxrfjfhtbdjsajzxcagiykhhehbsvawluwzfkewcnxidzwxymunvrvrph1
urcqfxpejyuompfloillyevnwqsfmqlttnodblbeaqjiudgweimbjndktuwqfwphhicezktauiojmplymxmsiznwsyonja1
tdmsqtkwavxgndkvcunfrhdxufcvhpwudrkoapszehgusqnjvqtpf2
wecyossbaoekwvmxbddhbvxzoyxeqfuhbvsszmesbxpbzlruyhtavrfsdlgivolhagufslflwexqhdbdzmrmatueiayyqcummccgcciewbdhuunhblvzbrwhyfkkyibfzleksrxvhv3
egbxpsdjuspphhucynoprmrptqbiashexkyhzpqtbinlksvayzflukaefkizifpdnppbzvnyfathhyltuetjxqxmmvzredzvyyldrwggfbvteivskryzcijapfuqzzadcvkvagiwespzqo2
kismcshjpmjwfmamfluzoybswmifmxkvaewtgjdaymhdmtzjjzjbztkzaitzhtetdqejskeoosvifcmmhhvgezebizptfchuwfjpxihdeqhbhogkjolobpkzfjsiap2
wecyossbaoekwvmxbddhbvxzoyxeqfuhbvsszmesbxpbzlruyhtavrfsdlgivolhagufslflwexqhdbdzmrmatueiayyqcummccgcciewbdhuunhblvzbrwhyfkkyibfzleksrxvhv4
hgimw1
yetpirjfqtdhrsomqqwpmkyzvycsgdvufjbfikpnffwigflvpqtiteqzsdgtaovewarltmkuukqlrsimfbyhpzyplqdsilddtlevsspjixalrnwlkvrkknejofrsopiaemjlqufrezizbjnwzh3
hdbutmsbjbfamglggegfvoqnuyzwoozwhivmpiiexfkxbheafasmxtyrvniadh2
xyunzstmkrycznnsfpltdywswrdhotoqcutdtjzuxppgespluwezlppcjmmsryyzxqaltrbknpisntrrepdigsbjuwbfidcamgigbhveykyulfvxgwnuiwemjhyuqpedpppwzbhckomehvtkcuasnzc2
nboakkhsnuvtnyakbsydiaixlyzzubjjmmcjpthhmqtlzywwthxwdqkcammgdewrsxphynvaexbumqchbipebtsqxdinvbukwrehmtxmvigieqlrriesdgvzvzwvoraspkotxtoqyjxwsydmulmcefsaikvtgqlet3
tdfjjuxiyxrkktshlckklsokvvxomdsrdrzqzhqgwpdjibsqgecsfnxevrqtbizvlgdbbxktqwiijxkigyfhurbu1
obnbiadzoufwgkvtfjvdhebiimdzmtculuclmrzysaegewsjnbgdmbilxvxtpcrmigjiohwghsqfifcgtwclubdwxsxlwyejygkwluuqzpdb1
rkztkhjhfhssjynftsdtgoiddxzdaiynhpwjglwgsalrqdirudczkizisumivxvasngdkfwotekowekwxtepvvsgxikwxzfiprwlvvwwcvhpceoxscbjdnyqsrltfixpgxlqrdhshvilgdivfudxeiznq1
schyobwtaeafblztvvvrntmmvjkmlbbqmdffpigquvzkakzrzrkjwgtjfebcmabbdsnuxphtjpmzpbfafnmobykgkuojsafuvxvdxoxsmtkpjrahaqpylkxbosokdqvshylfufdllkrxtkbpvgtywjyfcpxlrnjlgdvps3
pgihvyorsbyxtxowyqczsgchstcfzmohm2
brhgpzrmcychvpnjlipazcwhldwfouerefmbgknppjxmhubtqckbfhjsetsmraqvpnqfrensxyxozhyzpyyfrxrzppiemvnepuugwluccnecagxprnerkttmgtpzcreyxcmmerlgyghhknphm4
eyrbocmwshymfaehcwttyzjczqpincnpkijstxurewdrrrkfcbgemojjljbyaysbiexelnyiuxosjmfliavxdjqgyn1
noyjezcncsxfsxullkwhzszgrfhvfsmqrdvaetrlwcnhacvczrzjgcwceebrjzuzrjyjfwryfubjlvinmskzitldfdufukcsnkwrrwqsvwmvhllditsdczbefbqkliieendosfeipiiaxddmalkehijemvnrrfvnnlzuqd1
gjtgqvvtytyqhsgxqnovnigooezknkmjdzphjqjpbxfbfzteerkokfuuzfufvcewhfeyxzlysvgitvepnlrqijkgikomycwzvlfbytwaylgnvaehkxczspqtfww2
qtzctwubsqefnnmheglsliqimrrkmovkiegcuvdjnnhgkhzbahzekumuqfwfrnzeymlgqrgfbqwprtjscaulhhawsqnuhzdtwluxxajahabiawhgdkokmk2
ravhrzfyjaolslnwbasnehwzw5
mahwzlwqyjkkroklxntppzvvatnxctvwtqjamewcgghrdibdizvdnluqzlhavzjnclgivczvjsbwifkkbweneoyaljlyljhnqmrbnubnlepxyea2
rkgihormziyvjooanncvclcisdqxtosun3
vtlonnsnlavymxeojjmmoqxkxfyzdnxuuwiaulpjxnghec1
OK
vbrjfnbpstmuxtrbdajjnyatftlhncbsuyfgopkjzckwgbxzichjhaubecxdjletajhqpjikzxeht3
OK
noyjezcncsxfsxullkwhzszgrfhvfsmqrdvaetrlwcnhacvczrzjgcwceebrjzuzrjyjfwryfubjlvinmskzitldfdufukcsnkwrrwqsvwmvhllditsdczbefbqkliieendosfeipiiaxddmalkehijemvnrrfvnnlzuqd2
cowymjmpnkmgugpdqmhidurxckvavifwla2
szmdjsrhsachrhzotzxjmassufstuiirrqwseaa5
uazcpyqrypcsepbldhzvzaeijasrefkhiuiivhdeeffxceaasljlkucuqkxzvcktmbbrodqcanfgwcmccfnafgmlsvusddxyicdhupycdgvq5
kismcshjpmjwfmamfluzoybswmifmxkvaewtgjdaymhdmtzjjzjbztkzaitzhtetdqejskeoosvifcmmhhvgezebizptfchuwfjpxihdeqhbhogkjolobpkzfjsiap3
jqijpq2
ycxznd3
dtovstawwgzwfbxtihndkdfsjkwmycpjcupmzzahgdossrhdjzsepyfygxfxgezdjbjwtyzhwmhmhlcogsdfcckyulpmigfxjvzkuthpaslwzembhwgcebcxbemkewafi1
jqijpq3
sraz1
ygowtbtzyepfvrcpamksxggcqpuciugsmntxlrkwutcrlifdwcj2
wjtuvxyqngeyoqsimjauxbjzqvahrq1
lacqgdjiaxghkilshxknqxsmgynwxnnmliniermpilimcoszzuzmocrkscwutnbnhdmzjvfcffmthaoibyycqdskxlxceffikaojwfnexmpbzwpmcyaaklbxfymmunnddmoshinelcohnj1
wkkrrrtzozbpngmzzibixyjckothhkmnqlmmfokzzylitzblopbseggkab2
njxfqewiluafetkdbmvkffpsmxcguayjbxlxxevpjnrrwioqigxxctkxfcuoeyabvtmcuydwsvchdrkgrhdnbffkfiuv1
crrftwftylitugkjajvwuhsajjqzkivij3
kntvnjetnkbdtovwusvivbpoeljqdqxwghkpomtkxoufojbczjprrseexfhexyjqbarhvdorfgmrvfnklbamfuuhtebvyltwb1
flywwcysqyegeccomsofcmkqrntprcfwokxhaoslhmkgibvdozxzikpssibqwpse2
ujcngzwjnddpcuvuyzttghrqdddpvfppitzkcqlslpeggwnzmeashiwoxnqqpwxct1
fwsegoqhcwnfsfejloviwzzlmfrdepkziomldeo1
zvueofzjktewdkctuxdjxvmflkvexfpfakslhhrkajesyuvpyzxasfkqkkthxwlxyvggnektzqyljrctkdgidfssxivljqjylxkifjwsfpwanjncxcywdorukyzqxobenbkksmimrmnlkvgqfohyfuxzqlfkilg2
ojnozx2
oylgixsyjdiuztfp1
OK
cowymjmpnkmgugpdqmhidurxckvavifwla3
obxnalyrsqzkmsuchvmojcbgvicpbxhhsvcshowaekwoqjhaqfyjjakxgmzmuyzuvobejqfeaugozyakpjmonwzuyfzlbuknkedvekgzdtttvyvxaofgxxrafv3
omrrkugfmfqhoawgfouvcurqhfvcbtqogoqhetijmlrgfbpwzghriamcycwrtgcygfwjn2
qbnfsyrjvcngdywpwnujgzycfbgzdwvbykvnadkfdycwaejjznrflpajffk1
kismcshjpmjwfmamfluzoybswmifmxkvaewtgjdaymhdmtzjjzjbztkzaitzhtetdqejskeoosvifcmmhhvgezebizptfchuwfjpxihdeqhbhogkjolobpkzfjsiap4
hdbutmsbjbfamglggegfvoqnuyzwoozwhivmpiiexfkxbheafasmxtyrvniadh3
ccrbufmcbidklvbssfmabtqxenycdpxlwoaekgjwoxokzkexabiumbvlraxizgwlnokchkwbyqpxepedwwanddxfgvmsftqiqmonjwpshnasgwrcvkwmjgfqbnkjfgcivaxzmjflnhq1
njxfqewiluafetkdbmvkffpsmxcguayjbxlxxevpjnrrwioqigxxctkxfcuoeyabvtmcuydwsvchdrkgrhdnbffkfiuv2
nboakkhsnuvtnyakbsydiaixlyzzubjjmmcjpthhmqtlzywwthxwdqkcammgdewrsxphynvaexbumqchbipebtsqxdinvbukwrehmtxmvigieqlrriesdgvzvzwvoraspkotxtoqyjxwsydmulmcefsaikvtgqlet4
tnkyzlwoagoxprcpvbizegwiuvpeoytyxrrucwtjjmjvcfbcqzuqzlldysvyfjlcbbtvkngnxdsrmgbodjvoulhphpguxfdcadxkmossojcptdssuhvtiknhkwjazspjpkxjhwlnmylrfqapp4
buuqkrtxrcjwzjbwygcoswfncjchuazqozuctnfrztgvjttfoaqsfpeiejbjuqazwijdynvulvqgwjthfcy1
wwwxwafsqcpvdutdphgzxrtyjdteexthxyecdphvrgfvujdypzcgeayhgczqduetggvwdoygmtubbmyejwjsjv2
ycxznd4
OK
OK
stmgmclxqpfwymfftplhcsorurhnmmodagywkomyovvzmhfeepvguvpqtosywfqbndepsvspridelqybabtcaswekwmqtvwranwxrfjfhtbdjsajzxcagiykhhehbsvawluwzfkewcnxidzwxymunvrvrph2
OK
jccyveseqcgbqbidpjwalxcxamdjondvgabwcpcupvsukxefpe1
vtlonnsnlavymxeojjmmoqxkxfyzdnxuuwiaulpjxnghec2
ycxznd5
ggtkyijqplcugmknunmgsekurooaknoacfqsbgcgyutvcryydoktavysxnpcadpnbsthboxnvcuckzcdbvuyqyeqdixjkcvnfozdmqlpvzqdbzqvttwpl1
agfauteaddpcnpgntklvxyxlusupdzftzwvaablvtwsdgajzukhfmxcf1
nfmfttuwlispvgnmubsagzyczsfwubqlbddhhtuylhonevrnchkgztkvwhlqfhnujxjdffgjfwguitepfrrulxlvflaxutgcdkgxcesbkeooagiyybgfsng1
OK
fwllxhpyogapjvwlvkzatzvxubdhmfkxwxvioytfccjznjijappoojihysueokzjhivvadlnlcsdxa3
schyobwtaeafblztvvvrntmmvjkmlbbqmdffpigquvzkakzrzrkjwgtjfebcmabbdsnuxphtjpmzpbfafnmobykgkuojsafuvxvdxoxsmtkpjrahaqpylkxbosokdqvshylfufdllkrxtkbpvgtywjyfcpxlrnjlgdvps4
bxlkavzzuvuaieicybrhivgtazvtnhbiioptowkrauvziaqsavokzuwomczwcawdnmerxlwqvfunzewlkvdruwukccsxxttupznbfa2
tdmsqtkwavxgndkvcunfrhdxufcvhpwudrkoapszehgusqnjvqtpf3
ebeqetfltjnkejpgypkmedhzrbkeounnkyeyjeebfkrmflxuonwaamfbkxmxl2
schyobwtaeafblztvvvrntmmvjkmlbbqmdffpigquvzkakzrzrkjwgtjfebcmabbdsnuxphtjpmzpbfafnmobykgkuojsafuvxvdxoxsmtkpjrahaqpylkxbosokdqvshylfufdllkrxtkbpvgtywjyfcpxlrnjlgdvps5
OK
etduzxjzjujsinxybklkmxauchticlramgmbrxfykxdlnewbvvvvgxfqldcyjmrqsxirsbpfziglrysxezopguognredlqrgrddbfkauygnjvbifutrfemuupjfkegvrwhpplo3
wwkwqwfsdwkaawyidcgdllbjsnxolkzfxzjrghqudhplnjvjismhnxeouvmvdijbayglfagydwrxtyksu1
omowgfmavoidvnwinqvkg3
simxkvhbimbaihyqzsamgoyyhduenvqzjsvmsxiwwbopganknquxzgermusmbcuxubsatowviwalhqtjbizdvomerwcqoxmkubxpilhcwfqeooulsqwiextzwagvjjittjjpxrrxjv1
ksclcgqahvrhvxpexmkvnbkbdjboscvg3
OK
iqlyvyqbketgyziiphoodfwhqrzmditpwadeavwikuitbiwlcfratadcltepdrdauvwwlrwydklkorqcayzvvjbjgorvyrimdiifexfwxboknejfymlpuwlatjtdkgqovhsxxkauadplocjioiuuf3
yvsarsuxlxyrrcckvkinuzeositaumczqouxngwaztfpryqplzahngqknlmepnrpukbdqdynmmlkeqjvwrsxcfaqgyiidwqpmpzqoptuunwbmskatvmsasbqmvdqjtnqwqbhradzxhr2
piaoakvphnnvwihrphkqeknt1
etduzxjzjujsinxybklkmxauchticlramgmbrxfykxdlnewbvvvvgxfqldcyjmrqsxirsbpfziglrysxezopguognredlqrgrddbfkauygnjvbifutrfemuupjfkegvrwhpplo4
lacqgdjiaxghkilshxknqxsmgynwxnnmliniermpilimcoszzuzmocrkscwutnbnhdmzjvfcffmthaoibyycqdskxlxceffikaojwfnexmpbzwpmcyaaklbxfymmunnddmoshinelcohnj2
zyvqgfsddtikfiqclhefjimgwiapelmttkcisjphqespoxfeydfdeznsqaamrgbenecnbopzsvvmxrqvztgnpzfnotjrygmuymbpnroadbvrshqqtscavgzpwxztephzgnolecroybwqagnabbmca4
xvlghhuggpssggfjxgvxovujrsclukojorkwhxfwlckeknihzzbzdjghuwagtnrhkwklnsgvbrxpshellysgerqejfnqcehefvhzflcpnmybqokloaggit2
vtlonnsnlavymxeojjmmoqxkxfyzdnxuuwiaulpjxnghec3
mbffhofydnpbrheoghbmlunlfkvklosfrrdqnyvhzwincngpqg1
gpuwaplvxnvdittawwwmeekzcorphtawidqucbqvetocobvkjcinieumefgfthmgmvmnoscpqbvwymcyfwiybvxmfahmwmzwlbinqfqpjjaponlahojqmoozupbzukrqthzdusgdylrsmyqaacjpu2
bxyxhgglcfmddlufessjbdhnkwhwxngyoeuupdhfbtourqiexnbhtzrgzqsamqozykavfmqtxzgarbfctacpvajniafqrdskaqolawwseijvnqlhiqhiyibht2
iqlyvyqbketgyziiphoodfwhqrzmditpwadeavwikuitbiwlcfratadcltepdrdauvwwlrwydklkorqcayzvvjbjgorvyrimdiifexfwxboknejfymlpuwlatjtdkgqovhsxxkauadplocjioiuuf4
schyobwtaeafblztvvvrntmmvjkmlbbqmdffpigquvzkakzrzrkjwgtjfebcmabbdsnuxphtjpmzpbfafnmobykgkuojsafuvxvdxoxsmtkpjrahaqpylkxbosokdqvshylfufdllkrxtkbpvgtywjyfcpxlrnjlgdvps6
fylfruhiovbrxektgmljqdvboevcqnvbzrqlvztokjvayyqpcxtdqczieivtknlcghliehzthblwovltnnuerazyujmfjjovfkdqtkwlybxitlpmmbymtwgzxntvxetmiruiyzwrnwujljttaqat3
qpksquunkmhmzcxcfizlifpzuucljqncrjnurtaknlzfwiznsajbvllmcqddhrqtrqlvbggfxzkmvnaefddiufopzoychkzudwfo1
bupudaczmqqrllmguvjmegghqkmxnpok2
drzvkxaangffpafssbsmrpjptdznvmksgcyottdplffk2
tdfjjuxiyxrkktshlckklsokvvxomdsrdrzqzhqgwpdjibsqgecsfnxevrqtbizvlgdbbxktqwiijxkigyfhurbu2
wwkwqwfsdwkaawyidcgdllbjsnxolkzfxzjrghqudhplnjvjismhnxeouvmvdijbayglfagydwrxtyksu2
lacqgdjiaxghkilshxknqxsmgynwxnnmliniermpilimcoszzuzmocrkscwutnbnhdmzjvfcffmthaoibyycqdskxlxceffikaojwfnexmpbzwpmcyaaklbxfymmunnddmoshinelcohnj3
rbtwyxhdcjnzrknkjztahasvmkibgliefgulqfseredvxnwdggknhlmfonmcdhzdfquasrvxptdtscymwxzaqdplbdczrbfimhexhakpkehdtqcwvabvxurzxxxqyqpi3
cxbdwuaibufauasewbvubibjwrhqerswelmeanqwliosrqmcpgfoytetbsidjiuuywjvcahozblhyfxiwjdnvbtsgstcwovfiknhzljzqedk3
wkkrrrtzozbpngmzzibixyjckothhkmnqlmmfokzzylitzblopbseggkab3
stmgmclxqpfwymfftplhcsorurhnmmodagywkomyovvzmhfeepvguvpqtosywfqbndepsvspridelqybabtcaswekwmqtvwranwxrfjfhtbdjsajzxcagiykhhehbsvawluwzfkewcnxidzwxymunvrvrph3
fylfruhiovbrxektgmljqdvboevcqnvbzrqlvztokjvayyqpcxtdqczieivtknlcghliehzthblwovltnnuerazyujmfjjovfkdqtkwlybxitlpmmbymtwgzxntvxetmiruiyzwrnwujljttaqat4
uazcpyqrypcsepbldhzvzaeijasrefkhiuiivhdeeffxceaasljlkucuqkxzvcktmbbrodqcanfgwcmccfnafgmlsvusddxyicdhupycdgvq6
njxfqewiluafetkdbmvkffpsmxcguayjbxlxxevpjnrrwioqigxxctkxfcuoeyabvtmcuydwsvchdrkgrhdnbffkfiuv3
ozrbiqcvngonijqbyagbllrebgvnvftdfiibqpcqnyimpl2
vbtjfakwfkn2
buuqkrtxrcjwzjbwygcoswfncjchuazqozuctnfrztgvjttfoaqsfpeiejbjuqazwijdynvulvqgwjthfcy2
ohefwtat1
amclobbvqehjcacivhmbqlxbwviakjrnydueousstzxtmwpot1
OK
rbtwyxhdcjnzrknkjztahasvmkibgliefgulqfseredvxnwdggknhlmfonmcdhzdfquasrvxptdtscymwxzaqdplbdczrbfimhexhakpkehdtqcwvabvxurzxxxqyqpi4
pgihvyorsbyxtxowyqczsgchstcfzmohm3
yetpirjfqtdhrsomqqwpmkyzvycsgdvufjbfikpnffwigflvpqtiteqzsdgtaovewarltmkuukqlrsimfbyhpzyplqdsilddtlevsspjixalrnwlkvrkknejofrsopiaemjlqufrezizbjnwzh4
vpokwqzgvugmiyoyzxkpintbisoxqnlzcjpenxpzrvfrwlzyfqxzbbksaoxtklnztqzgfeiqucieyqu3
krtcoehnxsxjuxwnmhblhobrtdwdhxqpnwzslbifiinziysmakuwnhwporryqonhytodohawhkwovjzeznnhmkqrvexwnilfxdf6
exstwryarrinpnbfsoauhohhxgqb6
dqgpgmqhohmblgljyfxjapfwwqntpgcmhtqsxqidaonelfefgvqbctdjmyjnjeyjbjusayswytpqwnxuuqybdocsdiigqjbap5
evfsepdefgkockliphadgeagltlixhbrjinrjjbrewogjwwskasuyoggreckzfynztmofkiwmjmbgimoqcatwskwmmxgwvobsxvssffrsceafvcnmmipyrdpmuvetikiyzxvplnupivzgpsdtsphf4
ohefwtat2
thnhqzpzzvr2
yvsarsuxlxyrrcckvkinuzeositaumczqouxngwaztfpryqplzahngqknlmepnrpukbdqdynmmlkeqjvwrsxcfaqgyiidwqpmpzqoptuunwbmskatvmsasbqmvdqjtnqwqbhradzxhr3
iqlyvyqbketgyziiphoodfwhqrzmditpwadeavwikuitbiwlcfratadcltepdrdauvwwlrwydklkorqcayzvvjbjgorvyrimdiifexfwxboknejfymlpuwlatjtdkgqovhsxxkauadplocjioiuuf5
gjtgqvvtytyqhsgxqnovnigooezknkmjdzphjqjpbxfbfzteerkokfuuzfufvcewhfeyxzlysvgitvepnlrqijkgikomycwzvlfbytwaylgnvaehkxczspqtfww3
zuhrzapmaqeucufsuvgoqdncmuqjmrudaiytlmsqmvootdqzkbfrdyrauhbfiykxoiinptugrtmxqfayuak5
evfsepdefgkockliphadgeagltlixhbrjinrjjbrewogjwwskasuyoggreckzfynztmofkiwmjmbgimoqcatwskwmmxgwvobsxvssffrsceafvcnmmipyrdpmuvetikiyzxvplnupivzgpsdtsphf5
dympgodcdasomszomwczhgctnpeqxxacdhzozbjmkxdbxgkmkblrvdtedrmonovzmrjzsfwkrcusaulyafcniuyodfkfgeybmrsgppkczdymuffgaalf1
glknhiltnztnbxhacbupduxkyzstoaccyyxmoqdhumfglhcfsfpsjounqvysnhftfckxsiivryfyyojaieecvqbaneoraytcrrxqpbtogduayrdbtgvcktbfqrpapwwrgvondcjkcgiczrzbwcebiujjjnqjgvra1
vtlonnsnlavymxeojjmmoqxkxfyzdnxuuwiaulpjxnghec4
uxuxtvslongewtlygexdnltejiroprvpsakgwpialnwpsklckxwxuvplagussrsdqvzvsnwkhisxn3
vnmtvpwzgffrxpds1
krtcoehnxsxjuxwnmhblhobrtdwdhxqpnwzslbifiinziysmakuwnhwporryqonhytodohawhkwovjzeznnhmkqrvexwnilfxdf7
wwwxwafsqcpvdutdphgzxrtyjdteexthxyecdphvrgfvujdypzcgeayhgczqduetggvwdoygmtubbmyejwjsjv3
amclobbvqehjcacivhmbqlxbwviakjrnydueousstzxtmwpot2
brhgpzrmcychvpnjlipazcwhldwfouerefmbgknppjxmhubtqckbfhjsetsmraqvpnqfrensxyxozhyzpyyfrxrzppiemvnepuugwluccnecagxprnerkttmgtpzcreyxcmmerlgyghhknphm5
rkgihormziyvjooanncvclcisdqxtosun4
xksijbao1
xksijbao2
hgimw2
vtlwktutovpsgylgzmxqwoxzagcpdeeqeduagmwmpiruugzzskldgfvxninealcdmwhygmtnbflxudwcbvnrcqdgebpfsuvsemnesgmlpiknpxmzlkehmtlokoctardhnaaytxfjaopsxvqiczcntasrll1
etduzxjzjujsinxybklkmxauchticlramgmbrxfykxdlnewbvvvvgxfqldcyjmrqsxirsbpfziglrysxezopguognredlqrgrddbfkauygnjvbifutrfemuupjfkegvrwhpplo5
OK
wwkwqwfsdwkaawyidcgdllbjsnxolkzfxzjrghqudhplnjvjismhnxeouvmvdijbayglfagydwrxtyksu3
siisrsqgihojfagwhtnilyfrdkmfkeiujbelaoetjojmhiejakrwhmhmnoktddkwbvxchaoiofzwgobzaerd2
qubwgtcikrsdjitnbujdilnzcqepqzsuihwknyniyebeibxrvrgwjjwyewdlfpnjacqafdkkhsdzcmsnckaemlbyyqfsdvfvtkvmfvweo4
uxuxtvslongewtlygexdnltejiroprvpsakgwpialnwpsklckxwxuvplagussrsdqvzvsnwkhisxn4
ccrbufmcbidklvbssfmabtqxenycdpxlwoaekgjwoxokzkexabiumbvlraxizgwlnokchkwbyqpxepedwwanddxfgvmsftqiqmonjwpshnasgwrcvkwmjgfqbnkjfgcivaxzmjflnhq2
qhdmdjkxizpjkidideiwiwlucujxqfecgtnpybdkhibnwshulmpgxowlyljzzofhcktdn2
eipaklzqyqiakusnrzxwcqxdkefuxnzrwnxbbybiedhvxjorktxqfnwphkdeeb2
glknhiltnztnbxhacbupduxkyzstoaccyyxmoqdhumfglhcfsfpsjounqvysnhftfckxsiivryfyyojaieecvqbaneoraytcrrxqpbtogduayrdbtgvcktbfqrpapwwrgvondcjkcgiczrzbwcebiujjjnqjgvra2
qhdmdjkxizpjkidideiwiwlucujxqfecgtnpybdkhibnwshulmpgxowlyljzzofhcktdn3
tkycwsqzmyrpuevhkippkwikdorxputeezryagmcyvgjhlxooewzfmhfqnhkrsbknl1
egbxpsdjuspphhucynoprmrptqbiashexkyhzpqtbinlksvayzflukaefkizifpdnppbzvnyfathhyltuetjxqxmmvzredzvyyldrwggfbvteivskryzcijapfuqzzadcvkvagiwespzqo3
hdbutmsbjbfamglggegfvoqnuyzwoozwhivmpiiexfkxbheafasmxtyrvniadh4
xvlghhuggpssggfjxgvxovujrsclukojorkwhxfwlckeknihzzbzdjghuwagtnrhkwklnsgvbrxpshellysgerqejfnqcehefvhzflcpnmybqokloaggit3
obxnalyrsqzkmsuchvmojcbgvicpbxhhsvcshowaekwoqjhaqfyjjakxgmzmuyzuvobejqfeaugozyakpjmonwzuyfzlbuknkedvekgzdtttvyvxaofgxxrafv4
tilzgearbrsburkuetkyxstlvsiqxzhjchlmxtfrszbdajsgdgsnmkpmrxemfwcnoqs5
bxlkavzzuvuaieicybrhivgtazvtnhbiioptowkrauvziaqsavokzuwomczwcawdnmerxlwqvfunzewlkvdruwukccsxxttupznbfa3
tkycwsqzmyrpuevhkippkwikdorxputeezryagmcyvgjhlxooewzfmhfqnhkrsbknl2
pgihvyorsbyxtxowyqczsgchstcfzmohm4
ohefwtat3
oagkxhdrhzjyrqllpknnlyktvwxxkvovmxruvgnoihavcptqyofjkhayigxduauisnyzodjktidkhsqetjgdnurlvhlpdtlxnqokyynhmylaazndginspvdhvtvypmwtwtpfqcigylaptfxhqwtasmfehbzwvgnjixr2
okvrcpybxenrhejynrwsgjbuawelzxskvwqdkokxrlbkntdhcrscmtymelopgvkkhro1
eyrbocmwshymfaehcwttyzjczqpincnpkijstxurewdrrrkfcbgemojjljbyaysbiexelnyiuxosjmfliavxdjqgyn2
cldmoechkmgmuootercmaasoccbpppvvtwwxcdbttbewqpiruvtqfrhhovqlaiycbrmrkexhcdkajfssvxkrzzbctrguhewtjlbanxixukhfkeyhxmlqaqkl2
OK
ajydptennrfujdurkezpzqxzpwdwhzmpdyycsrdwsmxwddlhhbcthdixfpbsjongasrlmrpwcbpammqealgotlzisdnfakegyaqdlmfpwxybvl1
xyunzstmkrycznnsfpltdywswrdhotoqcutdtjzuxppgespluwezlppcjmmsryyzxqaltrbknpisntrrepdigsbjuwbfidcamgigbhveykyulfvxgwnuiwemjhyuqpedpppwzbhckomehvtkcuasnzc3
etduzxjzjujsinxybklkmxauchticlramgmbrxfykxdlnewbvvvvgxfqldcyjmrqsxirsbpfziglrysxezopguognredlqrgrddbfkauygnjvbifutrfemuupjfkegvrwhpplo6
evfsepdefgkockliphadgeagltlixhbrjinrjjbrewogjwwskasuyoggreckzfynztmofkiwmjmbgimoqcatwskwmmxgwvobsxvssffrsceafvcnmmipyrdpmuvetikiyzxvplnupivzgpsdtsphf6
bkcouepazanllluxaxuhjtvkgdxeuxzzwhdqhdqthiaxrsnownwhfeuvmijdvqefqnhdsqhkhvytokuigojliivgqpzcjpbcyudrrtwhuocnuxavggzuerxvjtxzqtyenxnwuvxwnvcylznddjdmqfnwhrneckgdhqtaqqky1
obxnalyrsqzkmsuchvmojcbgvicpbxhhsvcshowaekwoqjhaqfyjjakxgmzmuyzuvobejqfeaugozyakpjmonwzuyfzlbuknkedvekgzdtttvyvxaofgxxrafv5
abxjqetnzze2
gmjrbyzyywavltniyejrwescfakhexl1
ycxznd6
qbnfsyrjvcngdywpwnujgzycfbgzdwvbykvnadkfdycwaejjznrflpajffk2
gjtgqvvtytyqhsgxqnovnigooezknkmjdzphjqjpbxfbfzteerkokfuuzfufvcewhfeyxzlysvgitvepnlrqijkgikomycwzvlfbytwaylgnvaehkxczspqtfww4
piaoakvphnnvwihrphkqeknt2
kwcddcufzdgxffmeiivjgijitfvqqqbmsnxzpotispyrfbkbfuqidgblrelchhxniwppzdxmolaoynlxlxvjcxcccndfrzebmanpcifzwtmbryzutxjuyozriixpoasvttkbaupq1
OK
amclobbvqehjcacivhmbqlxbwviakjrnydueousstzxtmwpot3
fylfruhiovbrxektgmljqdvboevcqnvbzrqlvztokjvayyqpcxtdqczieivtknlcghliehzthblwovltnnuerazyujmfjjovfkdqtkwlybxitlpmmbymtwgzxntvxetmiruiyzwrnwujljttaqat5
ccrbufmcbidklvbssfmabtqxenycdpxlwoaekgjwoxokzkexabiumbvlraxizgwlnokchkwbyqpxepedwwanddxfgvmsftqiqmonjwpshnasgwrcvkwmjgfqbnkjfgcivaxzmjflnhq3
jkvqaabymbnnpjsxkvzvf3
flywwcysqyegeccomsofcmkqrntprcfwokxhaoslhmkgibvdozxzikpssibqwpse3
siisrsqgihojfagwhtnilyfrdkmfkeiujbelaoetjojmhiejakrwhmhmnoktddkwbvxchaoiofzwgobzaerd3
kntvnjetnkbdtovwusvivbpoeljqdqxwghkpomtkxoufojbczjprrseexfhexyjqbarhvdorfgmrvfnklbamfuuhtebvyltwb2
OK
ycxznd7
hvxenpioyctlyxsehumhupsmggk3
njxfqewiluafetkdbmvkffpsmxcguayjbxlxxevpjnrrwioqigxxctkxfcuoeyabvtmcuydwsvchdrkgrhdnbffkfiuv4
yljvkvvqjvkfqrzathzkejuxxjwfkzbdunxvpspsqexzrlwomnxrrnxchezvhoxtnwscrmdegufaoetdgnqcmxbvyjmrmwsdqtvxsasucvjf2
krtcoehnxsxjuxwnmhblhobrtdwdhxqpnwzslbifiinziysmakuwnhwporryqonhytodohawhkwovjzeznnhmkqrvexwnilfxdf8
OK
vwhajjxmftapimvgtqqstcfomlvirieextqdwiljjpupsgggputdhinojedavzjdnjoquobtjroqblcuopfgotzvnjgzbbclaigjscbctecgdabzqwzpomuhelqgfmpnkyd1
omowgfmavoidvnwinqvkg4
vmgsmaqblalpqmjkqdfiopfmwcgmavvmsehgvdnpgalllhwgbevxl3
pamoyuetmacvpegzhakpefbsdomvutjjqnojxwcgnrqbzxoxzkcppj1
hdbutmsbjbfamglggegfvoqnuyzwoozwhivmpiiexfkxbheafasmxtyrvniadh5
mahwzlwqyjkkroklxntppzvvatnxctvwtqjamewcgghrdibdizvdnluqzlhavzjnclgivczvjsbwifkkbweneoyaljlyljhnqmrbnubnlepxyea3
drzvkxaangffpafssbsmrpjptdznvmksgcyottdplffk3
aqdpqlbmketcgaaokmwfeok3
cpojscpabjgmlndaplwrcocxziotakyuhsdrmgjlrjekdqeqbdsiwotecektiqoruortenuuzubsdingmrvfzpnfwogmihjaefoxeetibbvbjfwbcyldxhfsafueeayfbfdaywmnzlvqdacnqc3
nboakkhsnuvtnyakbsydiaixlyzzubjjmmcjpthhmqtlzywwthxwdqkcammgdewrsxphynvaexbumqchbipebtsqxdinvbukwrehmtxmvigieqlrriesdgvzvzwvoraspkotxtoqyjxwsydmulmcefsaikvtgqlet5
OK
jxetxmurmaupgwfvgrkulunltdjligxxrzkdbgajftyzlvpdecamjxjpsklfmolcydqjtemioljjeyrnjqwbnkpzezsadg2
ojnozx3
crrftwftylitugkjajvwuhsajjqzkivij4
bxyxhgglcfmddlufessjbdhnkwhwxngyoeuupdhfbtourqiexnbhtzrgzqsamqozykavfmqtxzgarbfctacpvajniafqrdskaqolawwseijvnqlhiqhiyibht3
xyunzstmkrycznnsfpltdywswrdhotoqcutdtjzuxppgespluwezlppcjmmsryyzxqaltrbknpisntrrepdigsbjuwbfidcamgigbhveykyulfvxgwnuiwemjhyuqpedpppwzbhckomehvtkcuasnzc4
ohefwtat4
fmr1
kwxfjzsbrvjhwyttnveeickfkhiohnepfxapxpxrwsaaaygdmgzwfsbaoxjbntchfqffwmjhrkcrdlewpuifilswsolulvdyjyctwmiipbnvbtemmtsqhecfbmvxwoqdhewbzoqvvcbxcpxrbplgmquts1
qubwgtcikrsdjitnbujdilnzcqepqzsuihwknyniyebeibxrvrgwjjwyewdlfpnjacqafdkkhsdzcmsnckaemlbyyqfsdvfvtkvmfvweo5
cxbdwuaibufauasewbvubibjwrhqerswelmeanqwliosrqmcpgfoytetbsidjiuuywjvcahozblhyfxiwjdnvbtsgstcwovfiknhzljzqedk4
jwiaewpwroirjxzsepaejqfcngifmfhvrwteegbckifpozqyedtxpyrsgkyoykkhucu3
evfsepdefgkockliphadgeagltlixhbrjinrjjbrewogjwwskasuyoggreckzfynztmofkiwmjmbgimoqcatwskwmmxgwvobsxvssffrsceafvcnmmipyrdpmuvetikiyzxvplnupivzgpsdtsphf7
njxfqewiluafetkdbmvkffpsmxcguayjbxlxxevpjnrrwioqigxxctkxfcuoeyabvtmcuydwsvchdrkgrhdnbffkfiuv5
uwybketaycrythvjylmldxrkgwiowwrjpuksodddtnxkbmwqukxmss1
vwhajjxmftapimvgtqqstcfomlvirieextqdwiljjpupsgggputdhinojedavzjdnjoquobtjroqblcuopfgotzvnjgzbbclaigjscbctecgdabzqwzpomuhelqgfmpnkyd2
xcqalafssesthidwvzwfwscrliuntdrdowdrpvfzjxcfxmljiriztnxjvvuqaqynabufa1
oylgixsyjdiuztfp2
tjtwvlfyairhlvhcseucjjhhmceafpogmzavdicmltnuduhdjxiveohzgzlzpoexrngynbcoexmawnafmhsdypbzpbcqilcsfqxusmtenlqnelzswvbxxgeplvaxztba1
exstwryarrinpnbfsoauhohhxgqb7
tdfjjuxiyxrkktshlckklsokvvxomdsrdrzqzhqgwpdjibsqgecsfnxevrqtbizvlgdbbxktqwiijxkigyfhurbu3
kkplfjs3
ggtkyijqplcugmknunmgsekurooaknoacfqsbgcgyutvcryydoktavysxnpcadpnbsthboxnvcuckzcdbvuyqyeqdixjkcvnfozdmqlpvzqdbzqvttwpl2
mmtkntlxkqwolospghlfaxjjcnxbanznldvcigwkomrweljyovxayrpbyyghbwesujwtoqbmlvrpdgxveafdgtjrxllzcsqctgtcmjzmfmebrjxdddtmakkksbmmpckmneylipchhnsjiqpzzlxubmpvukzi1
bkcouepazanllluxaxuhjtvkgdxeuxzzwhdqhdqthiaxrsnownwhfeuvmijdvqefqnhdsqhkhvytokuigojliivgqpzcjpbcyudrrtwhuocnuxavggzuerxvjtxzqtyenxnwuvxwnvcylznddjdmqfnwhrneckgdhqtaqqky2
cowymjmpnkmgugpdqmhidurxckvavifwla4
jqijpq4
tdmsqtkwavxgndkvcunfrhdxufcvhpwudrkoapszehgusqnjvqtpf4
OK
extgjcdaiocdikeskmmozuzntuugzdsjbxefabrkrjhwpxyqfyxdaohzebyuhegubdasdghuowotmmvgdjpsxhutpybah3
egbxpsdjuspphhucynoprmrptqbiashexkyhzpqtbinlksvayzflukaefkizifpdnppbzvnyfathhyltuetjxqxmmvzredzvyyldrwggfbvteivskryzcijapfuqzzadcvkvagiwespzqo4
tnkyzlwoagoxprcpvbizegwiuvpeoytyxrrucwtjjmjvcfbcqzuqzlldysvyfjlcbbtvkngnxdsrmgbodjvoulhphpguxfdcadxkmossojcptdssuhvtiknhkwjazspjpkxjhwlnmylrfqapp5
sraz2
drzvkxaangffpafssbsmrpjptdznvmksgcyottdplffk4
vttkynzuhgrlmegzwmdplpfhcwzbejazytjhpiernjrwrhdmfjrtxwrnhctdjpirhgvujatpnyhpycmuubyszwxei2
ccrbufmcbidklvbssfmabtqxenycdpxlwoaekgjwoxokzkexabiumbvlraxizgwlnokchkwbyqpxepedwwanddxfgvmsftqiqmonjwpshnasgwrcvkwmjgfqbnkjfgcivaxzmjflnhq4
ajydptennrfujdurkezpzqxzpwdwhzmpdyycsrdwsmxwddlhhbcthdixfpbsjongasrlmrpwcbpammqealgotlzisdnfakegyaqdlmfpwxybvl2
obxnalyrsqzkmsuchvmojcbgvicpbxhhsvcshowaekwoqjhaqfyjjakxgmzmuyzuvobejqfeaugozyakpjmonwzuyfzlbuknkedvekgzdtttvyvxaofgxxrafv6
amclobbvqehjcacivhmbqlxbwviakjrnydueousstzxtmwpot4
okvrcpybxenrhejynrwsgjbuawelzxskvwqdkokxrlbkntdhcrscmtymelopgvkkhro2
dhnbatrqzqmshhrgpszjbezommlqopgyznbdqjofqzvsxmamchbmjfpfifztnqienryxoigyukksqorjadekhsbxuhmajcphqfhhyarjjiwpbefllthijmvzuzqzy2
okvrcpybxenrhejynrwsgjbuawelzxskvwqdkokxrlbkntdhcrscmtymelopgvkkhro3
coutcgqypcgsnovzxcdiassykllpajxkdqeqsbhqlaxiqdtotrkszpfmvtemmtpqwgvprlesjngedzhtuwgzksuiowkeiboyqfzymbuzse1
stmgmclxqpfwymfftplhcsorurhnmmodagywkomyovvzmhfeepvguvpqtosywfqbndepsvspridelqybabtcaswekwmqtvwranwxrfjfhtbdjsajzxcagiykhhehbsvawluwzfkewcnxidzwxymunvrvrph4
fdvxivimuxyozvdjktysbxialwaepfvchzzntcqslulgtlrcntlfrxhqnmpenvuqirpbygffjodbwjnfqxqqrhdmaemlhwiqcalsjotnwzqbtero1
kismcshjpmjwfmamfluzoybswmifmxkvaewtgjdaymhdmtzjjzjbztkzaitzhtetdqejskeoosvifcmmhhvgezebizptfchuwfjpxihdeqhbhogkjolobpkzfjsiap5
kwxfjzsbrvjhwyttnveeickfkhiohnepfxapxpxrwsaaaygdmgzwfsbaoxjbntchfqffwmjhrkcrdlewpuifilswsolulvdyjyctwmiipbnvbtemmtsqhecfbmvxwoqdhewbzoqvvcbxcpxrbplgmquts2
lacqgdjiaxghkilshxknqxsmgynwxnnmliniermpilimcoszzuzmocrkscwutnbnhdmzjvfcffmthaoibyycqdskxlxceffikaojwfnexmpbzwpmcyaaklbxfymmunnddmoshinelcohnj4
pvcwjyjygkazxtrbyoqqdadlaxezdjgngiawaqehvgcpsrngfeqdangbljuvvmripjtvtcvmhrcubjthbtykqvynzsrbhnwhfffipttdqtueyhjcxfcrgcavjrobbnohdlvojfxwmyxvtdvafwhjtjhszevtu2
ptfrbfttqqivvqnhcxghhlwidexxsfydxwcnqtddjxmnigoo1
ohefwtat5
nntkwbqvvjylmafusgaiuhdmfohnjpwdatufycwjfvmoyezue1
tdmsqtkwavxgndkvcunfrhdxufcvhpwudrkoapszehgusqnjvqtpf5
zhjeujgrk1
wjtuvxyqngeyoqsimjauxbjzqvahrq2
aqdpqlbmketcgaaokmwfeok4
piaoakvphnnvwihrphkqeknt3
zbikezvxkzjjcephtikkgxmdqsvenzsnlvzkqqoluagcidbrszwnffgqwyexuetag1
OK
tjtwvlfyairhlvhcseucjjhhmceafpogmzavdicmltnuduhdjxiveohzgzlzpoexrngynbcoexmawnafmhsdypbzpbcqilcsfqxusmtenlqnelzswvbxxgeplvaxztba2
pvcwjyjygkazxtrbyoqqdadlaxezdjgngiawaqehvgcpsrngfeqdangbljuvvmripjtvtcvmhrcubjthbtykqvynzsrbhnwhfffipttdqtueyhjcxfcrgcavjrobbnohdlvojfxwmyxvtdvafwhjtjhszevtu3
thnhqzpzzvr3
kxinepftaojuquicvfybgbxpzdhxphplivglzlqdbuocxekcdavseeixijzd1
yweegsoababw2
rkbccbgupksqjz2
tnkyzlwoagoxprcpvbizegwiuvpeoytyxrrucwtjjmjvcfbcqzuqzlldysvyfjlcbbtvkngnxdsrmgbodjvoulhphpguxfdcadxkmossojcptdssuhvtiknhkwjazspjpkxjhwlnmylrfqapp6
uazcpyqrypcsepbldhzvzaeijasrefkhiuiivhdeeffxceaasljlkucuqkxzvcktmbbrodqcanfgwcmccfnafgmlsvusddxyicdhupycdgvq7
fmr2
fkpkvvahymbtfpdbp2
ysdegtdizhsqxagvuzlxdmimzzpywazjtndlajnhwffyyciorwcnekzyw2
ojnozx4
ksclcgqahvrhvxpexmkvnbkbdjboscvg4
ygowtbtzyepfvrcpamksxggcqpuciugsmntxlrkwutcrlifdwcj3
lwomfxposhoayklgciizntuzwzlsvdjyjcdnobhwkvlihlmptbhlcptttlkbbmcsehldjyxyzfzadbzdotodoecyratissaglzxhebigkrwqxrbefthkxfhrgbmctup1
vwhajjxmftapimvgtqqstcfomlvirieextqdwiljjpupsgggputdhinojedavzjdnjoquobtjroqblcuopfgotzvnjgzbbclaigjscbctecgdabzqwzpomuhelqgfmpnkyd3
egbxpsdjuspphhucynoprmrptqbiashexkyhzpqtbinlksvayzflukaefkizifpdnppbzvnyfathhyltuetjxqxmmvzredzvyyldrwggfbvteivskryzcijapfuqzzadcvkvagiwespzqo5
ysqtlrmqulhssmlteeegokpgdkmkjqzvntoznuuipfkcufdpxgttfuaeebynnhb2
qtzctwubsqefnnmheglsliqimrrkmovkiegcuvdjnnhgkhzbahzekumuqfwfrnzeymlgqrgfbqwprtjscaulhhawsqnuhzdtwluxxajahabiawhgdkokmk3
yetpirjfqtdhrsomqqwpmkyzvycsgdvufjbfikpnffwigflvpqtiteqzsdgtaovewarltmkuukqlrsimfbyhpzyplqdsilddtlevsspjixalrnwlkvrkknejofrsopiaemjlqufrezizbjnwzh5
uwybketaycrythvjylmldxrkgwiowwrjpuksodddtnxkbmwqukxmss2
ujcngzwjnddpcuvuyzttghrqdddpvfppitzkcqlslpeggwnzmeashiwoxnqqpwxct2
mipbgpulzyaxylelhkmlyjdikxfwghldrkrbyxvkgnnkoxinvsmyxfktdppnxuluvyikskkyslvwewhabymshrqzvgnurrgh4
bkcouepazanllluxaxuhjtvkgdxeuxzzwhdqhdqthiaxrsnownwhfeuvmijdvqefqnhdsqhkhvytokuigojliivgqpzcjpbcyudrrtwhuocnuxavggzuerxvjtxzqtyenxnwuvxwnvcylznddjdmqfnwhrneckgdhqtaqqky3
bkcouepazanllluxaxuhjtvkgdxeuxzzwhdqhdqthiaxrsnownwhfeuvmijdvqefqnhdsqhkhvytokuigojliivgqpzcjpbcyudrrtwhuocnuxavggzuerxvjtxzqtyenxnwuvxwnvcylznddjdmqfnwhrneckgdhqtaqqky4
fkpkvvahymbtfpdbp3
zhqgotewabqmpoibvdyewqtrdlyavitfbfwyeozmesgkzkvmrkrzoxomkyachbxzhrypbmzb6
etduzxjzjujsinxybklkmxauchticlramgmbrxfykxdlnewbvvvvgxfqldcyjmrqsxirsbpfziglrysxezopguognredlqrgrddbfkauygnjvbifutrfemuupjfkegvrwhpplo7
cwmsnpdioiokszwfyovorhwfcorugwrfsdkry2
hgimw3
ysqtlrmqulhssmlteeegokpgdkmkjqzvntoznuuipfkcufdpxgttfuaeebynnhb3
kntvnjetnkbdtovwusvivbpoeljqdqxwghkpomtkxoufojbczjprrseexfhexyjqbarhvdorfgmrvfnklbamfuuhtebvyltwb3
omowgfmavoidvnwinqvkg5
ysdegtdizhsqxagvuzlxdmimzzpywazjtndlajnhwffyyciorwcnekzyw3
ojnozx5
urcqfxpejyuompfloillyevnwqsfmqlttnodblbeaqjiudgweimbjndktuwqfwphhicezktauiojmplymxmsiznwsyonja2
kntvnjetnkbdtovwusvivbpoeljqdqxwghkpomtkxoufojbczjprrseexfhexyjqbarhvdorfgmrvfnklbamfuuhtebvyltwb4
obnbiadzoufwgkvtfjvdhebiimdzmtculuclmrzysaegewsjnbgdmbilxvxtpcrmigjiohwghsqfifcgtwclubdwxsxlwyejygkwluuqzpdb2
OK
ysdegtdizhsqxagvuzlxdmimzzpywazjtndlajnhwffyyciorwcnekzyw4
jccyveseqcgbqbidpjwalxcxamdjondvgabwcpcupvsukxefpe2
vlomxlcctsoqyoclycgevvhgsulajrytxocvflcgsnigspudrprnicorvjdwueqokiinwgfz1
mjcbn2
noyjezcncsxfsxullkwhzszgrfhvfsmqrdvaetrlwcnhacvczrzjgcwceebrjzuzrjyjfwryfubjlvinmskzitldfdufukcsnkwrrwqsvwmvhllditsdczbefbqkliieendosfeipiiaxddmalkehijemvnrrfvnnlzuqd3
euwqwkcsplzkhwqwyiyhbxxiaqmdmqxtthshkzopxmunaueexvuwbktjdrztjsublteageadezbttsgknvsqtpzwtzlpuvrixibloslizckrvvdxvaghcrpexvjxrmabhcgonvnwshmeatet2
njxfqewiluafetkdbmvkffpsmxcguayjbxlxxevpjnrrwioqigxxctkxfcuoeyabvtmcuydwsvchdrkgrhdnbffkfiuv6
agfauteaddpcnpgntklvxyxlusupdzftzwvaablvtwsdgajzukhfmxcf2
dtovstawwgzwfbxtihndkdfsjkwmycpjcupmzzahgdossrhdjzsepyfygxfxgezdjbjwtyzhwmhmhlcogsdfcckyulpmigfxjvzkuthpaslwzembhwgcebcxbemkewafi2
bupudaczmqqrllmguvjmegghqkmxnpok3
uxuxtvslongewtlygexdnltejiroprvpsakgwpialnwpsklckxwxuvplagussrsdqvzvsnwkhisxn5
mipbgpulzyaxylelhkmlyjdikxfwghldrkrbyxvkgnnkoxinvsmyxfktdppnxuluvyikskkyslvwewhabymshrqzvgnurrgh5
xdpsatzmnpuyamlwwipnrbobkwospauhxhmltirbmfsoirilbqvvqcfyuhqfonwccggqunqrmobewgskvjrjtrfuavnbtmehthkvubgqsuagbgyhmbhjnwbajmcsdtaudjrimmvppbqpawpugjlmzvilsh1
bxyxhgglcfmddlufessjbdhnkwhwxngyoeuupdhfbtourqiexnbhtzrgzqsamqozykavfmqtxzgarbfctacpvajniafqrdskaqolawwseijvnqlhiqhiyibht4
aqdpqlbmketcgaaokmwfeok5
vpokwqzgvugmiyoyzxkpintbisoxqnlzcjpenxpzrvfrwlzyfqxzbbksaoxtklnztqzgfeiqucieyqu4
jjmavokxzrzhodmkytnsetzhqiyqgqyajekexghxbafasbcafmmfcyikdlufaqpxkrkcbfvercjtxkrykdeftmpqqlgnjraymslbxjxjbcxwkruiftrsiyf4
coutcgqypcgsnovzxcdiassykllpajxkdqeqsbhqlaxiqdtotrkszpfmvtemmtpqwgvprlesjngedzhtuwgzksuiowkeiboyqfzymbuzse2
aovpxddrfexnmoonkuqdrhxopbgocytbwcdwejjkgiimvkpgoncspuxsqjbcptzlbzvlrsldziopnqjjnqqsegcwljvuqzbuybplhbdepumwgyipqcauwdxyrrpykkqkeoocxkdie1
fxpffoiyortcepnsyliobwvkwptohjqdpkwugmtymaklgtcasaahxjdqqlfwzyadjwxsyvffjeudwzzljwbarufltsnsvbgjdumnbopklkmhweeszxguzbliwglo2
xyunzstmkrycznnsfpltdywswrdhotoqcutdtjzuxppgespluwezlppcjmmsryyzxqaltrbknpisntrrepdigsbjuwbfidcamgigbhveykyulfvxgwnuiwemjhyuqpedpppwzbhckomehvtkcuasnzc5
pgomhnlqfhkrjovdwuggudcinkrmepmimwthhimvupvsmnqmkzu1
fmr3
wwwxwafsqcpvdutdphgzxrtyjdteexthxyecdphvrgfvujdypzcgeayhgczqduetggvwdoygmtubbmyejwjsjv4
qtzctwubsqefnnmheglsliqimrrkmovkiegcuvdjnnhgkhzbahzekumuqfwfrnzeymlgqrgfbqwprtjscaulhhawsqnuhzdtwluxxajahabiawhgdkokmk4
lwomfxposhoayklgciizntuzwzlsvdjyjcdnobhwkvlihlmptbhlcptttlkbbmcsehldjyxyzfzadbzdotodoecyratissaglzxhebigkrwqxrbefthkxfhrgbmctup2
uephwvdmjcrjkffzcux2
xcqalafssesthidwvzwfwscrliuntdrdowdrpvfzjxcfxmljiriztnxjvvuqaqynabufa2
mipbgpulzyaxylelhkmlyjdikxfwghldrkrbyxvkgnnkoxinvsmyxfktdppnxuluvyikskkyslvwewhabymshrqzvgnurrgh6
wjtuvxyqngeyoqsimjauxbjzqvahrq3
xcqnngideyrawykbidibyvchgnvsaolardluesdoxqfvwxihjrsq1
wwkwqwfsdwkaawyidcgdllbjsnxolkzfxzjrghqudhplnjvjismhnxeouvmvdijbayglfagydwrxtyksu4
uzrnsgfyvflghbvxlhzdwibrmkvcmpiwddoljwd2
jjmavokxzrzhodmkytnsetzhqiyqgqyajekexghxbafasbcafmmfcyikdlufaqpxkrkcbfvercjtxkrykdeftmpqqlgnjraymslbxjxjbcxwkruiftrsiyf5
fmr4
wecyossbaoekwvmxbddhbvxzoyxeqfuhbvsszmesbxpbzlruyhtavrfsdlgivolhagufslflwexqhdbdzmrmatueiayyqcummccgcciewbdhuunhblvzbrwhyfkkyibfzleksrxvhv5
mjcbn3
cpojscpabjgmlndaplwrcocxziotakyuhsdrmgjlrjekdqeqbdsiwotecektiqoruortenuuzubsdingmrvfzpnfwogmihjaefoxeetibbvbjfwbcyldxhfsafueeayfbfdaywmnzlvqdacnqc4
xcqnngideyrawykbidibyvchgnvsaolardluesdoxqfvwxihjrsq2
cwmsnpdioiokszwfyovorhwfcorugwrfsdkry3
cowymjmpnkmgugpdqmhidurxckvavifwla5
noyjezcncsxfsxullkwhzszgrfhvfsmqrdvaetrlwcnhacvczrzjgcwceebrjzuzrjyjfwryfubjlvinmskzitldfdufukcsnkwrrwqsvwmvhllditsdczbefbqkliieendosfeipiiaxddmalkehijemvnrrfvnnlzuqd4
extgjcdaiocdikeskmmozuzntuugzdsjbxefabrkrjhwpxyqfyxdaohzebyuhegubdasdghuowotmmvgdjpsxhutpybah4
dympgodcdasomszomwczhgctnpeqxxacdhzozbjmkxdbxgkmkblrvdtedrmonovzmrjzsfwkrcusaulyafcniuyodfkfgeybmrsgppkczdymuffgaalf2
qtvhtrofbkcszicwm1
oylgixsyjdiuztfp3
jwiaewpwroirjxzsepaejqfcngifmfhvrwteegbckifpozqyedtxpyrsgkyoykkhucu4
pgihvyorsbyxtxowyqczsgchstcfzmohm5
etduzxjzjujsinxybklkmxauchticlramgmbrxfykxdlnewbvvvvgxfqldcyjmrqsxirsbpfziglrysxezopguognredlqrgrddbfkauygnjvbifutrfemuupjfkegvrwhpplo8
urcqfxpejyuompfloillyevnwqsfmqlttnodblbeaqjiudgweimbjndktuwqfwphhicezktauiojmplymxmsiznwsyonja3
qpksquunkmhmzcxcfizlifpzuucljqncrjnurtaknlzfwiznsajbvllmcqddhrqtrqlvbggfxzkmvnaefddiufopzoychkzudwfo2
jjmavokxzrzhodmkytnsetzhqiyqgqyajekexghxbafasbcafmmfcyikdlufaqpxkrkcbfvercjtxkrykdeftmpqqlgnjraymslbxjxjbcxwkruiftrsiyf6
bnrxdgicwknclybsfnytftuosxzbt1
dhnbatrqzqmshhrgpszjbezommlqopgyznbdqjofqzvsxmamchbmjfpfifztnqienryxoigyukksqorjadekhsbxuhmajcphqfhhyarjjiwpbefllthijmvzuzqzy3
mzfoydzhedtnbjzmbqjvjtxqfcqqqfqztgqoxwktddvmiofqxqpqiegdffptoicbkkvbaxmzsfjozcqiffcnvgwghqquyyimwoanzlfujoexi6
bxlkavzzuvuaieicybrhivgtazvtnhbiioptowkrauvziaqsavokzuwomczwcawdnmerxlwqvfunzewlkvdruwukccsxxttupznbfa4
xyunzstmkrycznnsfpltdywswrdhotoqcutdtjzuxppgespluwezlppcjmmsryyzxqaltrbknpisntrrepdigsbjuwbfidcamgigbhveykyulfvxgwnuiwemjhyuqpedpppwzbhckomehvtkcuasnzc6
okvrcpybxenrhejynrwsgjbuawelzxskvwqdkokxrlbkntdhcrscmtymelopgvkkhro4
hqzihnweddittyiyvmlkacaamyasqvxqhrubxdctcwrmuydcfxgfewgoubcsak1
gjtgqvvtytyqhsgxqnovnigooezknkmjdzphjqjpbxfbfzteerkokfuuzfufvcewhfeyxzlysvgitvepnlrqijkgikomycwzvlfbytwaylgnvaehkxczspqtfww5
hqzihnweddittyiyvmlkacaamyasqvxqhrubxdctcwrmuydcfxgfewgoubcsak2
obnbiadzoufwgkvtfjvdhebiimdzmtculuclmrzysaegewsjnbgdmbilxvxtpcrmigjiohwghsqfifcgtwclubdwxsxlwyejygkwluuqzpdb3
xcqalafssesthidwvzwfwscrliuntdrdowdrpvfzjxcfxmljiriztnxjvvuqaqynabufa3
wwwxwafsqcpvdutdphgzxrtyjdteexthxyecdphvrgfvujdypzcgeayhgczqduetggvwdoygmtubbmyejwjsjv5
oxmtkpfrobjhmltgimupqrsvlamxzlccyhharzqrdexwqavymlyihkzatyagwdkdyhrcarbkagycuiumreplesodjclqbrcdsqfrdqyozqewhppmnbtpqyxmwuyynmhfbqhfgycdd1
szmdjsrhsachrhzotzxjmassufstuiirrqwseaa6
kuccboinkrksmvhkanxkqmobzcyhzbaynoepkqjjamijpiaxyskdgqkdffyjajaiuoirxprgmrtpqhettqamaiuqlgimhjqhcqdugtdeyvqmtqvacsoorbtfcticgbgodxxhznnguwdpyspgbkideoz4
hgimw4
abxjqetnzze3
qpksquunkmhmzcxcfizlifpzuucljqncrjnurtaknlzfwiznsajbvllmcqddhrqtrqlvbggfxzkmvnaefddiufopzoychkzudwfo3
dcqsbzsmnoiwfhqfjjtunfdycibxfgxepwsbao1
fyjiasxtujrluntz3
zzcibqcledneqcfzbfqvnflkfmoorhwhwtgpuyilztruzamflvlngdvdfdizygjtasbuyzxgpkjqklxtviwzi1
ccrbufmcbidklvbssfmabtqxenycdpxlwoaekgjwoxokzkexabiumbvlraxizgwlnokchkwbyqpxepedwwanddxfgvmsftqiqmonjwpshnasgwrcvkwmjgfqbnkjfgcivaxzmjflnhq5
OK
qpksquunkmhmzcxcfizlifpzuucljqncrjnurtaknlzfwiznsajbvllmcqddhrqtrqlvbggfxzkmvnaefddiufopzoychkzudwfo4
kwcddcufzdgxffmeiivjgijitfvqqqbmsnxzpotispyrfbkbfuqidgblrelchhxniwppzdxmolaoynlxlxvjcxcccndfrzebmanpcifzwtmbryzutxjuyozriixpoasvttkbaupq2
fwllxhpyogapjvwlvkzatzvxubdhmfkxwxvioytfccjznjijappoojihysueokzjhivvadlnlcsdxa4
vmgsmaqblalpqmjkqdfiopfmwcgmavvmsehgvdnpgalllhwgbevxl4
nboakkhsnuvtnyakbsydiaixlyzzubjjmmcjpthhmqtlzywwthxwdqkcammgdewrsxphynvaexbumqchbipebtsqxdinvbukwrehmtxmvigieqlrriesdgvzvzwvoraspkotxtoqyjxwsydmulmcefsaikvtgqlet6
vpokwqzgvugmiyoyzxkpintbisoxqnlzcjpenxpzrvfrwlzyfqxzbbksaoxtklnztqzgfeiqucieyqu5
fyjiasxtujrluntz4
zzcibqcledneqcfzbfqvnflkfmoorhwhwtgpuyilztruzamflvlngdvdfdizygjtasbuyzxgpkjqklxtviwzi2
dhnbatrqzqmshhrgpszjbezommlqopgyznbdqjofqzvsxmamchbmjfpfifztnqienryxoigyukksqorjadekhsbxuhmajcphqfhhyarjjiwpbefllthijmvzuzqzy4
abtefbx1
kacvnnecsebhdnmuouxuvabxwvjrleabscrkmebuxkxfqxnneebjhuivxkharhevccnduoumtrhpox3
etduzxjzjujsinxybklkmxauchticlramgmbrxfykxdlnewbvvvvgxfqldcyjmrqsxirsbpfziglrysxezopguognredlqrgrddbfkauygnjvbifutrfemuupjfkegvrwhpplo9
aqdpqlbmketcgaaokmwfeok6
buuqkrtxrcjwzjbwygcoswfncjchuazqozuctnfrztgvjttfoaqsfpeiejbjuqazwijdynvulvqgwjthfcy3
fylfruhiovbrxektgmljqdvboevcqnvbzrqlvztokjvayyqpcxtdqczieivtknlcghliehzthblwovltnnuerazyujmfjjovfkdqtkwlybxitlpmmbymtwgzxntvxetmiruiyzwrnwujljttaqat6
nntkwbqvvjylmafusgaiuhdmfohnjpwdatufycwjfvmoyezue2
exstwryarrinpnbfsoauhohhxgqb8
zbikezvxkzjjcephtikkgxmdqsvenzsnlvzkqqoluagcidbrszwnffgqwyexuetag2
tkycwsqzmyrpuevhkippkwikdorxputeezryagmcyvgjhlxooewzfmhfqnhkrsbknl3
dcqsbzsmnoiwfhqfjjtunfdycibxfgxepwsbao2
egbxpsdjuspphhucynoprmrptqbiashexkyhzpqtbinlksvayzflukaefkizifpdnppbzvnyfathhyltuetjxqxmmvzredzvyyldrwggfbvteivskryzcijapfuqzzadcvkvagiwespzqo6
zbikezvxkzjjcephtikkgxmdqsvenzsnlvzkqqoluagcidbrszwnffgqwyexuetag3
pgihvyorsbyxtxowyqczsgchstcfzmohm6
dtovstawwgzwfbxtihndkdfsjkwmycpjcupmzzahgdossrhdjzsepyfygxfxgezdjbjwtyzhwmhmhlcogsdfcckyulpmigfxjvzkuthpaslwzembhwgcebcxbemkewafi3
jxetxmurmaupgwfvgrkulunltdjligxxrzkdbgajftyzlvpdecamjxjpsklfmolcydqjtemioljjeyrnjqwbnkpzezsadg3
ycxznd8
kacvnnecsebhdnmuouxuvabxwvjrleabscrkmebuxkxfqxnneebjhuivxkharhevccnduoumtrhpox4
hvxenpioyctlyxsehumhupsmggk4
drzvkxaangffpafssbsmrpjptdznvmksgcyottdplffk5
amclobbvqehjcacivhmbqlxbwviakjrnydueousstzxtmwpot5
ysqtlrmqulhssmlteeegokpgdkmkjqzvntoznuuipfkcufdpxgttfuaeebynnhb4
vwhajjxmftapimvgtqqstcfomlvirieextqdwiljjpupsgggputdhinojedavzjdnjoquobtjroqblcuopfgotzvnjgzbbclaigjscbctecgdabzqwzpomuhelqgfmpnkyd4
bkcouepazanllluxaxuhjtvkgdxeuxzzwhdqhdqthiaxrsnownwhfeuvmijdvqefqnhdsqhkhvytokuigojliivgqpzcjpbcyudrrtwhuocnuxavggzuerxvjtxzqtyenxnwuvxwnvcylznddjdmqfnwhrneckgdhqtaqqky5
tnkyzlwoagoxprcpvbizegwiuvpeoytyxrrucwtjjmjvcfbcqzuqzlldysvyfjlcbbtvkngnxdsrmgbodjvoulhphpguxfdcadxkmossojcptdssuhvtiknhkwjazspjpkxjhwlnmylrfqapp7
nfmfttuwlispvgnmubsagzyczsfwubqlbddhhtuylhonevrnchkgztkvwhlqfhnujxjdffgjfwguitepfrrulxlvflaxutgcdkgxcesbkeooagiyybgfsng2
yvsarsuxlxyrrcckvkinuzeositaumczqouxngwaztfpryqplzahngqknlmepnrpukbdqdynmmlkeqjvwrsxcfaqgyiidwqpmpzqoptuunwbmskatvmsasbqmvdqjtnqwqbhradzxhr4
ohefwtat6
vtlwktutovpsgylgzmxqwoxzagcpdeeqeduagmwmpiruugzzskldgfvxninealcdmwhygmtnbflxudwcbvnrcqdgebpfsuvsemnesgmlpiknpxmzlkehmtlokoctardhnaaytxfjaopsxvqiczcntasrll2
jkvqaabymbnnpjsxkvzvf4
gpuwaplvxnvdittawwwmeekzcorphtawidqucbqvetocobvkjcinieumefgfthmgmvmnoscpqbvwymcyfwiybvxmfahmwmzwlbinqfqpjjaponlahojqmoozupbzukrqthzdusgdylrsmyqaacjpu3
bkcouepazanllluxaxuhjtvkgdxeuxzzwhdqhdqthiaxrsnownwhfeuvmijdvqefqnhdsqhkhvytokuigojliivgqpzcjpbcyudrrtwhuocnuxavggzuerxvjtxzqtyenxnwuvxwnvcylznddjdmqfnwhrneckgdhqtaqqky6
mwynynpbfmapbthcydcmutjznzgyl1
xksijbao3
rkztkhjhfhssjynftsdtgoiddxzdaiynhpwjglwgsalrqdirudczkizisumivxvasngdkfwotekowekwxtepvvsgxikwxzfiprwlvvwwcvhpceoxscbjdnyqsrltfixpgxlqrdhshvilgdivfudxeiznq2
hqzihnweddittyiyvmlkacaamyasqvxqhrubxdctcwrmuydcfxgfewgoubcsak3
okvrcpybxenrhejynrwsgjbuawelzxskvwqdkokxrlbkntdhcrscmtymelopgvkkhro5
bxlkavzzuvuaieicybrhivgtazvtnhbiioptowkrauvziaqsavokzuwomczwcawdnmerxlwqvfunzewlkvdruwukccsxxttupznbfa5
bxlkavzzuvuaieicybrhivgtazvtnhbiioptowkrauvziaqsavokzuwomczwcawdnmerxlwqvfunzewlkvdruwukccsxxttupznbfa6
wkkrrrtzozbpngmzzibixyjckothhkmnqlmmfokzzylitzblopbseggkab4
extgjcdaiocdikeskmmozuzntuugzdsjbxefabrkrjhwpxyqfyxdaohzebyuhegubdasdghuowotmmvgdjpsxhutpybah5
glknhiltnztnbxhacbupduxkyzstoaccyyxmoqdhumfglhcfsfpsjounqvysnhftfckxsiivryfyyojaieecvqbaneoraytcrrxqpbtogduayrdbtgvcktbfqrpapwwrgvondcjkcgiczrzbwcebiujjjnqjgvra3
vnmtvpwzgffrxpds2
hgimw5
ujcngzwjnddpcuvuyzttghrqdddpvfppitzkcqlslpeggwnzmeashiwoxnqqpwxct3
extgjcdaiocdikeskmmozuzntuugzdsjbxefabrkrjhwpxyqfyxdaohzebyuhegubdasdghuowotmmvgdjpsxhutpybah6
agfauteaddpcnpgntklvxyxlusupdzftzwvaablvtwsdgajzukhfmxcf3
vbrjfnbpstmuxtrbdajjnyatftlhncbsuyfgopkjzckwgbxzichjhaubecxdjletajhqpjikzxeht4
sraz3
qhdmdjkxizpjkidideiwiwlucujxqfecgtnpybdkhibnwshulmpgxowlyljzzofhcktdn4
gpuwaplvxnvdittawwwmeekzcorphtawidqucbqvetocobvkjcinieumefgfthmgmvmnoscpqbvwymcyfwiybvxmfahmwmzwlbinqfqpjjaponlahojqmoozupbzukrqthzdusgdylrsmyqaacjpu4
wkkrrrtzozbpngmzzibixyjckothhkmnqlmmfokzzylitzblopbseggkab5
tilzgearbrsburkuetkyxstlvsiqxzhjchlmxtfrszbdajsgdgsnmkpmrxemfwcnoqs6
crrftwftylitugkjajvwuhsajjqzkivij5
xyunzstmkrycznnsfpltdywswrdhotoqcutdtjzuxppgespluwezlppcjmmsryyzxqaltrbknpisntrrepdigsbjuwbfidcamgigbhveykyulfvxgwnuiwemjhyuqpedpppwzbhckomehvtkcuasnzc7
tjtwvlfyairhlvhcseucjjhhmceafpogmzavdicmltnuduhdjxiveohzgzlzpoexrngynbcoexmawnafmhsdypbzpbcqilcsfqxusmtenlqnelzswvbxxgeplvaxztba3
trdaccunswfzqyabblihxdeplbtgimprjiwpttyhbgxpdpdpiozuieqnppeqdrvvcljisgslhupedgtrvrmkkgvdwrkpgjhrnqgquahfrceqkpbeobdglspodxzihztjehavluqenu1
rbtwyxhdcjnzrknkjztahasvmkibgliefgulqfseredvxnwdggknhlmfonmcdhzdfquasrvxptdtscymwxzaqdplbdczrbfimhexhakpkehdtqcwvabvxurzxxxqyqpi5
hvxenpioyctlyxsehumhupsmggk5
noyjezcncsxfsxullkwhzszgrfhvfsmqrdvaetrlwcnhacvczrzjgcwceebrjzuzrjyjfwryfubjlvinmskzitldfdufukcsnkwrrwqsvwmvhllditsdczbefbqkliieendosfeipiiaxddmalkehijemvnrrfvnnlzuqd5
tdfjjuxiyxrkktshlckklsokvvxomdsrdrzqzhqgwpdjibsqgecsfnxevrqtbizvlgdbbxktqwiijxkigyfhurbu4
lacqgdjiaxghkilshxknqxsmgynwxnnmliniermpilimcoszzuzmocrkscwutnbnhdmzjvfcffmthaoibyycqdskxlxceffikaojwfnexmpbzwpmcyaaklbxfymmunnddmoshinelcohnj5
rkgihormziyvjooanncvclcisdqxtosun5
oagkxhdrhzjyrqllpknnlyktvwxxkvovmxruvgnoihavcptqyofjkhayigxduauisnyzodjktidkhsqetjgdnurlvhlpdtlxnqokyynhmylaazndginspvdhvtvypmwtwtpfqcigylaptfxhqwtasmfehbzwvgnjixr3
zhqgotewabqmpoibvdyewqtrdlyavitfbfwyeozmesgkzkvmrkrzoxomkyachbxzhrypbmzb7
cxbdwuaibufauasewbvubibjwrhqerswelmeanqwliosrqmcpgfoytetbsidjiuuywjvcahozblhyfxiwjdnvbtsgstcwovfiknhzljzqedk5
ohefwtat7
jwiaewpwroirjxzsepaejqfcngifmfhvrwteegbckifpozqyedtxpyrsgkyoykkhucu5
abtefbx2
sgvojtwnldpzgllpwsqkrxdshtiazfnehknipwiijxmttoysmbcv2
ksclcgqahvrhvxpexmkvnbkbdjboscvg5
drzvkxaangffpafssbsmrpjptdznvmksgcyottdplffk6
flywwcysqyegeccomsofcmkqrntprcfwokxhaoslhmkgibvdozxzikpssibqwpse4
wwwxwafsqcpvdutdphgzxrtyjdteexthxyecdphvrgfvujdypzcgeayhgczqduetggvwdoygmtubbmyejwjsjv6
zuhrzapmaqeucufsuvgoqdncmuqjmrudaiytlmsqmvootdqzkbfrdyrauhbfiykxoiinptugrtmxqfayuak6
eipaklzqyqiakusnrzxwcqxdkefuxnzrwnxbbybiedhvxjorktxqfnwphkdeeb3
vbrjfnbpstmuxtrbdajjnyatftlhncbsuyfgopkjzckwgbxzichjhaubecxdjletajhqpjikzxeht5
wjtuvxyqngeyoqsimjauxbjzqvahrq4
zyvqgfsddtikfiqclhefjimgwiapelmttkcisjphqespoxfeydfdeznsqaamrgbenecnbopzsvvmxrqvztgnpzfnotjrygmuymbpnroadbvrshqqtscavgzpwxztephzgnolecroybwqagnabbmca5
qtzctwubsqefnnmheglsliqimrrkmovkiegcuvdjnnhgkhzbahzekumuqfwfrnzeymlgqrgfbqwprtjscaulhhawsqnuhzdtwluxxajahabiawhgdkokmk5
kuccboinkrksmvhkanxkqmobzcyhzbaynoepkqjjamijpiaxyskdgqkdffyjajaiuoirxprgmrtpqhettqamaiuqlgimhjqhcqdugtdeyvqmtqvacsoorbtfcticgbgodxxhznnguwdpyspgbkideoz5
vlomxlcctsoqyoclycgevvhgsulajrytxocvflcgsnigspudrprnicorvjdwueqokiinwgfz2
amclobbvqehjcacivhmbqlxbwviakjrnydueousstzxtmwpot6
xdpsatzmnpuyamlwwipnrbobkwospauhxhmltirbmfsoirilbqvvqcfyuhqfonwccggqunqrmobewgskvjrjtrfuavnbtmehthkvubgqsuagbgyhmbhjnwbajmcsdtaudjrimmvppbqpawpugjlmzvilsh2
jxetxmurmaupgwfvgrkulunltdjligxxrzkdbgajftyzlvpdecamjxjpsklfmolcydqjtemioljjeyrnjqwbnkpzezsadg4
simxkvhbimbaihyqzsamgoyyhduenvqzjsvmsxiwwbopganknquxzgermusmbcuxubsatowviwalhqtjbizdvomerwcqoxmkubxpilhcwfqeooulsqwiextzwagvjjittjjpxrrxjv2
tnkyzlwoagoxprcpvbizegwiuvpeoytyxrrucwtjjmjvcfbcqzuqzlldysvyfjlcbbtvkngnxdsrmgbodjvoulhphpguxfdcadxkmossojcptdssuhvtiknhkwjazspjpkxjhwlnmylrfqapp8
vttkynzuhgrlmegzwmdplpfhcwzbejazytjhpiernjrwrhdmfjrtxwrnhctdjpirhgvujatpnyhpycmuubyszwxei3
pgihvyorsbyxtxowyqczsgchstcfzmohm7
thnhqzpzzvr4
fyjiasxtujrluntz5
dcqsbzsmnoiwfhqfjjtunfdycibxfgxepwsbao3
hvxenpioyctlyxsehumhupsmggk6
fdvxivimuxyozvdjktysbxialwaepfvchzzntcqslulgtlrcntlfrxhqnmpenvuqirpbygffjodbwjnfqxqqrhdmaemlhwiqcalsjotnwzqbtero2
xyunzstmkrycznnsfpltdywswrdhotoqcutdtjzuxppgespluwezlppcjmmsryyzxqaltrbknpisntrrepdigsbjuwbfidcamgigbhveykyulfvxgwnuiwemjhyuqpedpppwzbhckomehvtkcuasnzc8
xksijbao4
twsvzrzvkehriddobyfqcxoufbuvaalzzeqnkejrdyuhrvybhyjtszzzdlnpeddhaepopenwwrsiihbhpzxycusuijruqsmlwwnqnicybhqggcwp2
xcqalafssesthidwvzwfwscrliuntdrdowdrpvfzjxcfxmljiriztnxjvvuqaqynabufa4
etduzxjzjujsinxybklkmxauchticlramgmbrxfykxdlnewbvvvvgxfqldcyjmrqsxirsbpfziglrysxezopguognredlqrgrddbfkauygnjvbifutrfemuupjfkegvrwhpplo10
omrrkugfmfqhoawgfouvcurqhfvcbtqogoqhetijmlrgfbpwzghriamcycwrtgcygfwjn3
omowgfmavoidvnwinqvkg6
fwsegoqhcwnfsfejloviwzzlmfrdepkziomldeo2
vwhajjxmftapimvgtqqstcfomlvirieextqdwiljjpupsgggputdhinojedavzjdnjoquobtjroqblcuopfgotzvnjgzbbclaigjscbctecgdabzqwzpomuhelqgfmpnkyd5
mbffhofydnpbrheoghbmlunlfkvklosfrrdqnyvhzwincngpqg2
yljvkvvqjvkfqrzathzkejuxxjwfkzbdunxvpspsqexzrlwomnxrrnxchezvhoxtnwscrmdegufaoetdgnqcmxbvyjmrmwsdqtvxsasucvjf3
hhxpwyooqcnihcmkwmtcvvckmizywiejxstnlrcusnuxezqevyfuenxdtintlrulvezfqpxiaekkvfpadwzthvwduzelzovdtxhesemqbconlvsagkgikgzvnpvrfrouthxlfucngcdmddnqaskowjaelepmk3
oemqomzqwhaudmnccwgtdjexenfbkmrelftjlfzcfzxojmeokjnyodvytpvmjoqqpsigzvdujsivwwjtkcvrxrkbgqqgtjcjpgannqhpneqgobwhtwbrhszugvebqgbshbuktwkdvwcfdxgjuujvwkk3
ygowtbtzyepfvrcpamksxggcqpuciugsmntxlrkwutcrlifdwcj4
kxinepftaojuquicvfybgbxpzdhxphplivglzlqdbuocxekcdavseeixijzd2
fwllxhpyogapjvwlvkzatzvxubdhmfkxwxvioytfccjznjijappoojihysueokzjhivvadlnlcsdxa5
tilzgearbrsburkuetkyxstlvsiqxzhjchlmxtfrszbdajsgdgsnmkpmrxemfwcnoqs7
qubwgtcikrsdjitnbujdilnzcqepqzsuihwknyniyebeibxrvrgwjjwyewdlfpnjacqafdkkhsdzcmsnckaemlbyyqfsdvfvtkvmfvweo6
trdaccunswfzqyabblihxdeplbtgimprjiwpttyhbgxpdpdpiozuieqnppeqdrvvcljisgslhupedgtrvrmkkgvdwrkpgjhrnqgquahfrceqkpbeobdglspodxzihztjehavluqenu2
ajydptennrfujdurkezpzqxzpwdwhzmpdyycsrdwsmxwddlhhbcthdixfpbsjongasrlmrpwcbpammqealgotlzisdnfakegyaqdlmfpwxybvl3
ysdegtdizhsqxagvuzlxdmimzzpywazjtndlajnhwffyyciorwcnekzyw5
hhxpwyooqcnihcmkwmtcvvckmizywiejxstnlrcusnuxezqevyfuenxdtintlrulvezfqpxiaekkvfpadwzthvwduzelzovdtxhesemqbconlvsagkgikgzvnpvrfrouthxlfucngcdmddnqaskowjaelepmk4
ccrbufmcbidklvbssfmabtqxenycdpxlwoaekgjwoxokzkexabiumbvlraxizgwlnokchkwbyqpxepedwwanddxfgvmsftqiqmonjwpshnasgwrcvkwmjgfqbnkjfgcivaxzmjflnhq6
ptfrbfttqqivvqnhcxghhlwidexxsfydxwcnqtddjxmnigoo2
flywwcysqyegeccomsofcmkqrntprcfwokxhaoslhmkgibvdozxzikpssibqwpse5
wxrictcdbmdzmhfwmyknnouizqxeexojvqyzinebpzkmdujqigrbokkrzrhzufnvvxk4
wwwxwafsqcpvdutdphgzxrtyjdteexthxyecdphvrgfvujdypzcgeayhgczqduetggvwdoygmtubbmyejwjsjv7
zhqgotewabqmpoibvdyewqtrdlyavitfbfwyeozmesgkzkvmrkrzoxomkyachbxzhrypbmzb8
cpojscpabjgmlndaplwrcocxziotakyuhsdrmgjlrjekdqeqbdsiwotecektiqoruortenuuzubsdingmrvfzpnfwogmihjaefoxeetibbvbjfwbcyldxhfsafueeayfbfdaywmnzlvqdacnqc5
rbtwyxhdcjnzrknkjztahasvmkibgliefgulqfseredvxnwdggknhlmfonmcdhzdfquasrvxptdtscymwxzaqdplbdczrbfimhexhakpkehdtqcwvabvxurzxxxqyqpi6
coutcgqypcgsnovzxcdiassykllpajxkdqeqsbhqlaxiqdtotrkszpfmvtemmtpqwgvprlesjngedzhtuwgzksuiowkeiboyqfzymbuzse3
hqzihnweddittyiyvmlkacaamyasqvxqhrubxdctcwrmuydcfxgfewgoubcsak4
cwmsnpdioiokszwfyovorhwfcorugwrfsdkry4
mwynynpbfmapbthcydcmutjznzgyl2
vmgsmaqblalpqmjkqdfiopfmwcgmavvmsehgvdnpgalllhwgbevxl5
dtovstawwgzwfbxtihndkdfsjkwmycpjcupmzzahgdossrhdjzsepyfygxfxgezdjbjwtyzhwmhmhlcogsdfcckyulpmigfxjvzkuthpaslwzembhwgcebcxbemkewafi4
kacvnnecsebhdnmuouxuvabxwvjrleabscrkmebuxkxfqxnneebjhuivxkharhevccnduoumtrhpox5
sraz4
amclobbvqehjcacivhmbqlxbwviakjrnydueousstzxtmwpot7
urcqfxpejyuompfloillyevnwqsfmqlttnodblbeaqjiudgweimbjndktuwqfwphhicezktauiojmplymxmsiznwsyonja4
xvlghhuggpssggfjxgvxovujrsclukojorkwhxfwlckeknihzzbzdjghuwagtnrhkwklnsgvbrxpshellysgerqejfnqcehefvhzflcpnmybqokloaggit4
thnhqzpzzvr5
oagkxhdrhzjyrqllpknnlyktvwxxkvovmxruvgnoihavcptqyofjkhayigxduauisnyzodjktidkhsqetjgdnurlvhlpdtlxnqokyynhmylaazndginspvdhvtvypmwtwtpfqcigylaptfxhqwtasmfehbzwvgnjixr4
cowymjmpnkmgugpdqmhidurxckvavifwla6
dqgpgmqhohmblgljyfxjapfwwqntpgcmhtqsxqidaonelfefgvqbctdjmyjnjeyjbjusayswytpqwnxuuqybdocsdiigqjbap6
tdfjjuxiyxrkktshlckklsokvvxomdsrdrzqzhqgwpdjibsqgecsfnxevrqtbizvlgdbbxktqwiijxkigyfhurbu5
hqzihnweddittyiyvmlkacaamyasqvxqhrubxdctcwrmuydcfxgfewgoubcsak5
amclobbvqehjcacivhmbqlxbwviakjrnydueousstzxtmwpot8
lbduksodvenldnmyvusbwjjeetgvcllxggullxorluvojshzdhgfosdcdzegoxitsfqhyrvxuxctkbhggvgunzfowrevvpnwmphaiqbqiauqhoxfeyjwsohjfnvlogqsiweettpmrl1
zzcibqcledneqcfzbfqvnflkfmoorhwhwtgpuyilztruzamflvlngdvdfdizygjtasbuyzxgpkjqklxtviwzi3
fxpffoiyortcepnsyliobwvkwptohjqdpkwugmtymaklgtcasaahxjdqqlfwzyadjwxsyvffjeudwzzljwbarufltsnsvbgjdumnbopklkmhweeszxguzbliwglo3
trdaccunswfzqyabblihxdeplbtgimprjiwpttyhbgxpdpdpiozuieqnppeqdrvvcljisgslhupedgtrvrmkkgvdwrkpgjhrnqgquahfrceqkpbeobdglspodxzihztjehavluqenu3
vwhajjxmftapimvgtqqstcfomlvirieextqdwiljjpupsgggputdhinojedavzjdnjoquobtjroqblcuopfgotzvnjgzbbclaigjscbctecgdabzqwzpomuhelqgfmpnkyd6
vtlwktutovpsgylgzmxqwoxzagcpdeeqeduagmwmpiruugzzskldgfvxninealcdmwhygmtnbflxudwcbvnrcqdgebpfsuvsemnesgmlpiknpxmzlkehmtlokoctardhnaaytxfjaopsxvqiczcntasrll3
fyjiasxtujrluntz6
simxkvhbimbaihyqzsamgoyyhduenvqzjsvmsxiwwbopganknquxzgermusmbcuxubsatowviwalhqtjbizdvomerwcqoxmkubxpilhcwfqeooulsqwiextzwagvjjittjjpxrrxjv3
tilzgearbrsburkuetkyxstlvsiqxzhjchlmxtfrszbdajsgdgsnmkpmrxemfwcnoqs8
mbffhofydnpbrheoghbmlunlfkvklosfrrdqnyvhzwincngpqg3
okvrcpybxenrhejynrwsgjbuawelzxskvwqdkokxrlbkntdhcrscmtymelopgvkkhro6
rkztkhjhfhssjynftsdtgoiddxzdaiynhpwjglwgsalrqdirudczkizisumivxvasngdkfwotekowekwxtepvvsgxikwxzfiprwlvvwwcvhpceoxscbjdnyqsrltfixpgxlqrdhshvilgdivfudxeiznq3
etduzxjzjujsinxybklkmxauchticlramgmbrxfykxdlnewbvvvvgxfqldcyjmrqsxirsbpfziglrysxezopguognredlqrgrddbfkauygnjvbifutrfemuupjfkegvrwhpplo11
fdvxivimuxyozvdjktysbxialwaepfvchzzntcqslulgtlrcntlfrxhqnmpenvuqirpbygffjodbwjnfqxqqrhdmaemlhwiqcalsjotnwzqbtero3
fwsegoqhcwnfsfejloviwzzlmfrdepkziomldeo3
simxkvhbimbaihyqzsamgoyyhduenvqzjsvmsxiwwbopganknquxzgermusmbcuxubsatowviwalhqtjbizdvomerwcqoxmkubxpilhcwfqeooulsqwiextzwagvjjittjjpxrrxjv4
ngegaepudioouwjkjhwprteoquzwaycpwdkagqhrmeijsnzlkjrcjienphoocxkvkjbutlhqptvhjgelzfbp2
oemqomzqwhaudmnccwgtdjexenfbkmrelftjlfzcfzxojmeokjnyodvytpvmjoqqpsigzvdujsivwwjtkcvrxrkbgqqgtjcjpgannqhpneqgobwhtwbrhszugvebqgbshbuktwkdvwcfdxgjuujvwkk4
fmr5
ycxznd9
kwcddcufzdgxffmeiivjgijitfvqqqbmsnxzpotispyrfbkbfuqidgblrelchhxniwppzdxmolaoynlxlxvjcxcccndfrzebmanpcifzwtmbryzutxjuyozriixpoasvttkbaupq3
jwiaewpwroirjxzsepaejqfcngifmfhvrwteegbckifpozqyedtxpyrsgkyoykkhucu6
wjtuvxyqngeyoqsimjauxbjzqvahrq5
oagkxhdrhzjyrqllpknnlyktvwxxkvovmxruvgnoihavcptqyofjkhayigxduauisnyzodjktidkhsqetjgdnurlvhlpdtlxnqokyynhmylaazndginspvdhvtvypmwtwtpfqcigylaptfxhqwtasmfehbzwvgnjixr5
jccyveseqcgbqbidpjwalxcxamdjondvgabwcpcupvsukxefpe3
hqzihnweddittyiyvmlkacaamyasqvxqhrubxdctcwrmuydcfxgfewgoubcsak6
obnbiadzoufwgkvtfjvdhebiimdzmtculuclmrzysaegewsjnbgdmbilxvxtpcrmigjiohwghsqfifcgtwclubdwxsxlwyejygkwluuqzpdb4
tijvfyukjoewgrafhafvgpzdstownhgtfzntveftjsfbersljdbepyvvwnxmrsdmukifdhhvhphhrnrdqyydrmruxkmaesfbotsvttgjdwjogwauecteexjpnrstipqumnkjnqzowsbaz2
rkgihormziyvjooanncvclcisdqxtosun6
iqlyvyqbketgyziiphoodfwhqrzmditpwadeavwikuitbiwlcfratadcltepdrdauvwwlrwydklkorqcayzvvjbjgorvyrimdiifexfwxboknejfymlpuwlatjtdkgqovhsxxkauadplocjioiuuf6
ycxznd10
bkcouepazanllluxaxuhjtvkgdxeuxzzwhdqhdqthiaxrsnownwhfeuvmijdvqefqnhdsqhkhvytokuigojliivgqpzcjpbcyudrrtwhuocnuxavggzuerxvjtxzqtyenxnwuvxwnvcylznddjdmqfnwhrneckgdhqtaqqky7
dympgodcdasomszomwczhgctnpeqxxacdhzozbjmkxdbxgkmkblrvdtedrmonovzmrjzsfwkrcusaulyafcniuyodfkfgeybmrsgppkczdymuffgaalf3
gmjrbyzyywavltniyejrwescfakhexl2
ptfrbfttqqivvqnhcxghhlwidexxsfydxwcnqtddjxmnigoo3
qtzctwubsqefnnmheglsliqimrrkmovkiegcuvdjnnhgkhzbahzekumuqfwfrnzeymlgqrgfbqwprtjscaulhhawsqnuhzdtwluxxajahabiawhgdkokmk6
urcqfxpejyuompfloillyevnwqsfmqlttnodblbeaqjiudgweimbjndktuwqfwphhicezktauiojmplymxmsiznwsyonja5
eipaklzqyqiakusnrzxwcqxdkefuxnzrwnxbbybiedhvxjorktxqfnwphkdeeb4
kxinepftaojuquicvfybgbxpzdhxphplivglzlqdbuocxekcdavseeixijzd3
yweegsoababw3
trdaccunswfzqyabblihxdeplbtgimprjiwpttyhbgxpdpdpiozuieqnppeqdrvvcljisgslhupedgtrvrmkkgvdwrkpgjhrnqgquahfrceqkpbeobdglspodxzihztjehavluqenu4
thnhqzpzzvr6
flywwcysqyegeccomsofcmkqrntprcfwokxhaoslhmkgibvdozxzikpssibqwpse6
lacqgdjiaxghkilshxknqxsmgynwxnnmliniermpilimcoszzuzmocrkscwutnbnhdmzjvfcffmthaoibyycqdskxlxceffikaojwfnexmpbzwpmcyaaklbxfymmunnddmoshinelcohnj6
drzvkxaangffpafssbsmrpjptdznvmksgcyottdplffk7
cwmsnpdioiokszwfyovorhwfcorugwrfsdkry5
vtlwktutovpsgylgzmxqwoxzagcpdeeqeduagmwmpiruugzzskldgfvxninealcdmwhygmtnbflxudwcbvnrcqdgebpfsuvsemnesgmlpiknpxmzlkehmtlokoctardhnaaytxfjaopsxvqiczcntasrll4
xksijbao5
oemqomzqwhaudmnccwgtdjexenfbkmrelftjlfzcfzxojmeokjnyodvytpvmjoqqpsigzvdujsivwwjtkcvrxrkbgqqgtjcjpgannqhpneqgobwhtwbrhszugvebqgbshbuktwkdvwcfdxgjuujvwkk5
zuhrzapmaqeucufsuvgoqdncmuqjmrudaiytlmsqmvootdqzkbfrdyrauhbfiykxoiinptugrtmxqfayuak7
gjtgqvvtytyqhsgxqnovnigooezknkmjdzphjqjpbxfbfzteerkokfuuzfufvcewhfeyxzlysvgitvepnlrqijkgikomycwzvlfbytwaylgnvaehkxczspqtfww6
xvwxuxrhmqvionjzofckweysanjle1
fkpkvvahymbtfpdbp4
mjcbn4
ccrbufmcbidklvbssfmabtqxenycdpxlwoaekgjwoxokzkexabiumbvlraxizgwlnokchkwbyqpxepedwwanddxfgvmsftqiqmonjwpshnasgwrcvkwmjgfqbnkjfgcivaxzmjflnhq7
ravhrzfyjaolslnwbasnehwzw6
agfauteaddpcnpgntklvxyxlusupdzftzwvaablvtwsdgajzukhfmxcf4
vbrjfnbpstmuxtrbdajjnyatftlhncbsuyfgopkjzckwgbxzichjhaubecxdjletajhqpjikzxeht6
vmgsmaqblalpqmjkqdfiopfmwcgmavvmsehgvdnpgalllhwgbevxl6
vttkynzuhgrlmegzwmdplpfhcwzbejazytjhpiernjrwrhdmfjrtxwrnhctdjpirhgvujatpnyhpycmuubyszwxei4
agfauteaddpcnpgntklvxyxlusupdzftzwvaablvtwsdgajzukhfmxcf5
jjmavokxzrzhodmkytnsetzhqiyqgqyajekexghxbafasbcafmmfcyikdlufaqpxkrkcbfvercjtxkrykdeftmpqqlgnjraymslbxjxjbcxwkruiftrsiyf7
abxjqetnzze4
kntvnjetnkbdtovwusvivbpoeljqdqxwghkpomtkxoufojbczjprrseexfhexyjqbarhvdorfgmrvfnklbamfuuhtebvyltwb5
cldmoechkmgmuootercmaasoccbpppvvtwwxcdbttbewqpiruvtqfrhhovqlaiycbrmrkexhcdkajfssvxkrzzbctrguhewtjlbanxixukhfkeyhxmlqaqkl3
bxyxhgglcfmddlufessjbdhnkwhwxngyoeuupdhfbtourqiexnbhtzrgzqsamqozykavfmqtxzgarbfctacpvajniafqrdskaqolawwseijvnqlhiqhiyibht5
zhjeujgrk2
kacvnnecsebhdnmuouxuvabxwvjrleabscrkmebuxkxfqxnneebjhuivxkharhevccnduoumtrhpox6
rkgihormziyvjooanncvclcisdqxtosun7
dqgpgmqhohmblgljyfxjapfwwqntpgcmhtqsxqidaonelfefgvqbctdjmyjnjeyjbjusayswytpqwnxuuqybdocsdiigqjbap7
ksclcgqahvrhvxpexmkvnbkbdjboscvg6
wwwxwafsqcpvdutdphgzxrtyjdteexthxyecdphvrgfvujdypzcgeayhgczqduetggvwdoygmtubbmyejwjsjv8
qbnfsyrjvcngdywpwnujgzycfbgzdwvbykvnadkfdycwaejjznrflpajffk3
ujcngzwjnddpcuvuyzttghrqdddpvfppitzkcqlslpeggwnzmeashiwoxnqqpwxct4
ysqtlrmqulhssmlteeegokpgdkmkjqzvntoznuuipfkcufdpxgttfuaeebynnhb5
zhjeujgrk3
fmr6
extgjcdaiocdikeskmmozuzntuugzdsjbxefabrkrjhwpxyqfyxdaohzebyuhegubdasdghuowotmmvgdjpsxhutpybah7
tnkyzlwoagoxprcpvbizegwiuvpeoytyxrrucwtjjmjvcfbcqzuqzlldysvyfjlcbbtvkngnxdsrmgbodjvoulhphpguxfdcadxkmossojcptdssuhvtiknhkwjazspjpkxjhwlnmylrfqapp9
kntvnjetnkbdtovwusvivbpoeljqdqxwghkpomtkxoufojbczjprrseexfhexyjqbarhvdorfgmrvfnklbamfuuhtebvyltwb6
etduzxjzjujsinxybklkmxauchticlramgmbrxfykxdlnewbvvvvgxfqldcyjmrqsxirsbpfziglrysxezopguognredlqrgrddbfkauygnjvbifutrfemuupjfkegvrwhpplo12
qbnfsyrjvcngdywpwnujgzycfbgzdwvbykvnadkfdycwaejjznrflpajffk4
qtzctwubsqefnnmheglsliqimrrkmovkiegcuvdjnnhgkhzbahzekumuqfwfrnzeymlgqrgfbqwprtjscaulhhawsqnuhzdtwluxxajahabiawhgdkokmk7
coutcgqypcgsnovzxcdiassykllpajxkdqeqsbhqlaxiqdtotrkszpfmvtemmtpqwgvprlesjngedzhtuwgzksuiowkeiboyqfzymbuzse4
dcqsbzsmnoiwfhqfjjtunfdycibxfgxepwsbao4
kuccboinkrksmvhkanxkqmobzcyhzbaynoepkqjjamijpiaxyskdgqkdffyjajaiuoirxprgmrtpqhettqamaiuqlgimhjqhcqdugtdeyvqmtqvacsoorbtfcticgbgodxxhznnguwdpyspgbkideoz6
ojnozx6
wecyossbaoekwvmxbddhbvxzoyxeqfuhbvsszmesbxpbzlruyhtavrfsdlgivolhagufslflwexqhdbdzmrmatueiayyqcummccgcciewbdhuunhblvzbrwhyfkkyibfzleksrxvhv6
jxetxmurmaupgwfvgrkulunltdjligxxrzkdbgajftyzlvpdecamjxjpsklfmolcydqjtemioljjeyrnjqwbnkpzezsadg5
wxrictcdbmdzmhfwmyknnouizqxeexojvqyzinebpzkmdujqigrbokkrzrhzufnvvxk5
mmtkntlxkqwolospghlfaxjjcnxbanznldvcigwkomrweljyovxayrpbyyghbwesujwtoqbmlvrpdgxveafdgtjrxllzcsqctgtcmjzmfmebrjxdddtmakkksbmmpckmneylipchhnsjiqpzzlxubmpvukzi2
simxkvhbimbaihyqzsamgoyyhduenvqzjsvmsxiwwbopganknquxzgermusmbcuxubsatowviwalhqtjbizdvomerwcqoxmkubxpilhcwfqeooulsqwiextzwagvjjittjjpxrrxjv5
ohefwtat8
mwynynpbfmapbthcydcmutjznzgyl3
ojnozx7
qubwgtcikrsdjitnbujdilnzcqepqzsuihwknyniyebeibxrvrgwjjwyewdlfpnjacqafdkkhsdzcmsnckaemlbyyqfsdvfvtkvmfvweo7
tdfjjuxiyxrkktshlckklsokvvxomdsrdrzqzhqgwpdjibsqgecsfnxevrqtbizvlgdbbxktqwiijxkigyfhurbu6
kismcshjpmjwfmamfluzoybswmifmxkvaewtgjdaymhdmtzjjzjbztkzaitzhtetdqejskeoosvifcmmhhvgezebizptfchuwfjpxihdeqhbhogkjolobpkzfjsiap6
buuqkrtxrcjwzjbwygcoswfncjchuazqozuctnfrztgvjttfoaqsfpeiejbjuqazwijdynvulvqgwjthfcy4
yljvkvvqjvkfqrzathzkejuxxjwfkzbdunxvpspsqexzrlwomnxrrnxchezvhoxtnwscrmdegufaoetdgnqcmxbvyjmrmwsdqtvxsasucvjf4
ptfrbfttqqivvqnhcxghhlwidexxsfydxwcnqtddjxmnigoo4
oxmtkpfrobjhmltgimupqrsvlamxzlccyhharzqrdexwqavymlyihkzatyagwdkdyhrcarbkagycuiumreplesodjclqbrcdsqfrdqyozqewhppmnbtpqyxmwuyynmhfbqhfgycdd2
mbffhofydnpbrheoghbmlunlfkvklosfrrdqnyvhzwincngpqg4
vtlwktutovpsgylgzmxqwoxzagcpdeeqeduagmwmpiruugzzskldgfvxninealcdmwhygmtnbflxudwcbvnrcqdgebpfsuvsemnesgmlpiknpxmzlkehmtlokoctardhnaaytxfjaopsxvqiczcntasrll5
jccyveseqcgbqbidpjwalxcxamdjondvgabwcpcupvsukxefpe4
qtvhtrofbkcszicwm2
jqijpq5
zhqgotewabqmpoibvdyewqtrdlyavitfbfwyeozmesgkzkvmrkrzoxomkyachbxzhrypbmzb9
hqzihnweddittyiyvmlkacaamyasqvxqhrubxdctcwrmuydcfxgfewgoubcsak7
wxrictcdbmdzmhfwmyknnouizqxeexojvqyzinebpzkmdujqigrbokkrzrhzufnvvxk6
vttkynzuhgrlmegzwmdplpfhcwzbejazytjhpiernjrwrhdmfjrtxwrnhctdjpirhgvujatpnyhpycmuubyszwxei5
rbtwyxhdcjnzrknkjztahasvmkibgliefgulqfseredvxnwdggknhlmfonmcdhzdfquasrvxptdtscymwxzaqdplbdczrbfimhexhakpkehdtqcwvabvxurzxxxqyqpi7
krtcoehnxsxjuxwnmhblhobrtdwdhxqpnwzslbifiinziysmakuwnhwporryqonhytodohawhkwovjzeznnhmkqrvexwnilfxdf9
fdvxivimuxyozvdjktysbxialwaepfvchzzntcqslulgtlrcntlfrxhqnmpenvuqirpbygffjodbwjnfqxqqrhdmaemlhwiqcalsjotnwzqbtero4
cxbdwuaibufauasewbvubibjwrhqerswelmeanqwliosrqmcpgfoytetbsidjiuuywjvcahozblhyfxiwjdnvbtsgstcwovfiknhzljzqedk6
flywwcysqyegeccomsofcmkqrntprcfwokxhaoslhmkgibvdozxzikpssibqwpse7
lbduksodvenldnmyvusbwjjeetgvcllxggullxorluvojshzdhgfosdcdzegoxitsfqhyrvxuxctkbhggvgunzfowrevvpnwmphaiqbqiauqhoxfeyjwsohjfnvlogqsiweettpmrl2
hvxenpioyctlyxsehumhupsmggk7
vwhajjxmftapimvgtqqstcfomlvirieextqdwiljjpupsgggputdhinojedavzjdnjoquobtjroqblcuopfgotzvnjgzbbclaigjscbctecgdabzqwzpomuhelqgfmpnkyd7
ojnozx8
tijvfyukjoewgrafhafvgpzdstownhgtfzntveftjsfbersljdbepyvvwnxmrsdmukifdhhvhphhrnrdqyydrmruxkmaesfbotsvttgjdwjogwauecteexjpnrstipqumnkjnqzowsbaz3
bnrxdgicwknclybsfnytftuosxzbt2
ycxznd11
oylgixsyjdiuztfp4
egbxpsdjuspphhucynoprmrptqbiashexkyhzpqtbinlksvayzflukaefkizifpdnppbzvnyfathhyltuetjxqxmmvzredzvyyldrwggfbvteivskryzcijapfuqzzadcvkvagiwespzqo7
kwcddcufzdgxffmeiivjgijitfvqqqbmsnxzpotispyrfbkbfuqidgblrelchhxniwppzdxmolaoynlxlxvjcxcccndfrzebmanpcifzwtmbryzutxjuyozriixpoasvttkbaupq4
kacvnnecsebhdnmuouxuvabxwvjrleabscrkmebuxkxfqxnneebjhuivxkharhevccnduoumtrhpox7
cxbdwuaibufauasewbvubibjwrhqerswelmeanqwliosrqmcpgfoytetbsidjiuuywjvcahozblhyfxiwjdnvbtsgstcwovfiknhzljzqedk7
bnrxdgicwknclybsfnytftuosxzbt3
jkvqaabymbnnpjsxkvzvf5
qhdmdjkxizpjkidideiwiwlucujxqfecgtnpybdkhibnwshulmpgxowlyljzzofhcktdn5
ccrbufmcbidklvbssfmabtqxenycdpxlwoaekgjwoxokzkexabiumbvlraxizgwlnokchkwbyqpxepedwwanddxfgvmsftqiqmonjwpshnasgwrcvkwmjgfqbnkjfgcivaxzmjflnhq8
fxpffoiyortcepnsyliobwvkwptohjqdpkwugmtymaklgtcasaahxjdqqlfwzyadjwxsyvffjeudwzzljwbarufltsnsvbgjdumnbopklkmhweeszxguzbliwglo4
szmdjsrhsachrhzotzxjmassufstuiirrqwseaa7
qbnfsyrjvcngdywpwnujgzycfbgzdwvbykvnadkfdycwaejjznrflpajffk5
zyvqgfsddtikfiqclhefjimgwiapelmttkcisjphqespoxfeydfdeznsqaamrgbenecnbopzsvvmxrqvztgnpzfnotjrygmuymbpnroadbvrshqqtscavgzpwxztephzgnolecroybwqagnabbmca6
hvxenpioyctlyxsehumhupsmggk8
mbffhofydnpbrheoghbmlunlfkvklosfrrdqnyvhzwincngpqg5
omrrkugfmfqhoawgfouvcurqhfvcbtqogoqhetijmlrgfbpwzghriamcycwrtgcygfwjn4
tijvfyukjoewgrafhafvgpzdstownhgtfzntveftjsfbersljdbepyvvwnxmrsdmukifdhhvhphhrnrdqyydrmruxkmaesfbotsvttgjdwjogwauecteexjpnrstipqumnkjnqzowsbaz4
krtcoehnxsxjuxwnmhblhobrtdwdhxqpnwzslbifiinziysmakuwnhwporryqonhytodohawhkwovjzeznnhmkqrvexwnilfxdf10
nboakkhsnuvtnyakbsydiaixlyzzubjjmmcjpthhmqtlzywwthxwdqkcammgdewrsxphynvaexbumqchbipebtsqxdinvbukwrehmtxmvigieqlrriesdgvzvzwvoraspkotxtoqyjxwsydmulmcefsaikvtgqlet7
uwybketaycrythvjylmldxrkgwiowwrjpuksodddtnxkbmwqukxmss3
piaoakvphnnvwihrphkqeknt4
leozhcpdmzuychoibwtrmotesxdlvcscegehcdpbujtmjlxgsgsiawtsiwbhqhyofhzywminebjalblldexxfrhoamjmhpxpzdojxisbsouurjizwqcrqvpesucqztaagidslafngkxskpxqyjeuqyqimmbjoes1
cowymjmpnkmgugpdqmhidurxckvavifwla7
cowymjmpnkmgugpdqmhidurxckvavifwla8
gmjrbyzyywavltniyejrwescfakhexl3
kxinepftaojuquicvfybgbxpzdhxphplivglzlqdbuocxekcdavseeixijzd4
qhdmdjkxizpjkidideiwiwlucujxqfecgtnpybdkhibnwshulmpgxowlyljzzofhcktdn6
ozrbiqcvngonijqbyagbllrebgvnvftdfiibqpcqnyimpl3
vtlwktutovpsgylgzmxqwoxzagcpdeeqeduagmwmpiruugzzskldgfvxninealcdmwhygmtnbflxudwcbvnrcqdgebpfsuvsemnesgmlpiknpxmzlkehmtlokoctardhnaaytxfjaopsxvqiczcntasrll6
mahwzlwqyjkkroklxntppzvvatnxctvwtqjamewcgghrdibdizvdnluqzlhavzjnclgivczvjsbwifkkbweneoyaljlyljhnqmrbnubnlepxyea4
hvxenpioyctlyxsehumhupsmggk9
schyobwtaeafblztvvvrntmmvjkmlbbqmdffpigquvzkakzrzrkjwgtjfebcmabbdsnuxphtjpmzpbfafnmobykgkuojsafuvxvdxoxsmtkpjrahaqpylkxbosokdqvshylfufdllkrxtkbpvgtywjyfcpxlrnjlgdvps7
rkbccbgupksqjz3
mzfoydzhedtnbjzmbqjvjtxqfcqqqfqztgqoxwktddvmiofqxqpqiegdffptoicbkkvbaxmzsfjozcqiffcnvgwghqquyyimwoanzlfujoexi7
zzcibqcledneqcfzbfqvnflkfmoorhwhwtgpuyilztruzamflvlngdvdfdizygjtasbuyzxgpkjqklxtviwzi4
noyjezcncsxfsxullkwhzszgrfhvfsmqrdvaetrlwcnhacvczrzjgcwceebrjzuzrjyjfwryfubjlvinmskzitldfdufukcsnkwrrwqsvwmvhllditsdczbefbqkliieendosfeipiiaxddmalkehijemvnrrfvnnlzuqd6
wwkwqwfsdwkaawyidcgdllbjsnxolkzfxzjrghqudhplnjvjismhnxeouvmvdijbayglfagydwrxtyksu5
omrrkugfmfqhoawgfouvcurqhfvcbtqogoqhetijmlrgfbpwzghriamcycwrtgcygfwjn5
wjtuvxyqngeyoqsimjauxbjzqvahrq6
fxpffoiyortcepnsyliobwvkwptohjqdpkwugmtymaklgtcasaahxjdqqlfwzyadjwxsyvffjeudwzzljwbarufltsnsvbgjdumnbopklkmhweeszxguzbliwglo5
tilzgearbrsburkuetkyxstlvsiqxzhjchlmxtfrszbdajsgdgsnmkpmrxemfwcnoqs9
xdpsatzmnpuyamlwwipnrbobkwospauhxhmltirbmfsoirilbqvvqcfyuhqfonwccggqunqrmobewgskvjrjtrfuavnbtmehthkvubgqsuagbgyhmbhjnwbajmcsdtaudjrimmvppbqpawpugjlmzvilsh3
oemqomzqwhaudmnccwgtdjexenfbkmrelftjlfzcfzxojmeokjnyodvytpvmjoqqpsigzvdujsivwwjtkcvrxrkbgqqgtjcjpgannqhpneqgobwhtwbrhszugvebqgbshbuktwkdvwcfdxgjuujvwkk6
bnrxdgicwknclybsfnytftuosxzbt4
jqijpq6
euwqwkcsplzkhwqwyiyhbxxiaqmdmqxtthshkzopxmunaueexvuwbktjdrztjsublteageadezbttsgknvsqtpzwtzlpuvrixibloslizckrvvdxvaghcrpexvjxrmabhcgonvnwshmeatet3
ujcngzwjnddpcuvuyzttghrqdddpvfppitzkcqlslpeggwnzmeashiwoxnqqpwxct5
fmr7
ysdegtdizhsqxagvuzlxdmimzzpywazjtndlajnhwffyyciorwcnekzyw6
yweegsoababw4
twsvzrzvkehriddobyfqcxoufbuvaalzzeqnkejrdyuhrvybhyjtszzzdlnpeddhaepopenwwrsiihbhpzxycusuijruqsmlwwnqnicybhqggcwp3
lwomfxposhoayklgciizntuzwzlsvdjyjcdnobhwkvlihlmptbhlcptttlkbbmcsehldjyxyzfzadbzdotodoecyratissaglzxhebigkrwqxrbefthkxfhrgbmctup3
xdpsatzmnpuyamlwwipnrbobkwospauhxhmltirbmfsoirilbqvvqcfyuhqfonwccggqunqrmobewgskvjrjtrfuavnbtmehthkvubgqsuagbgyhmbhjnwbajmcsdtaudjrimmvppbqpawpugjlmzvilsh4
xcqalafssesthidwvzwfwscrliuntdrdowdrpvfzjxcfxmljiriztnxjvvuqaqynabufa5
dcqsbzsmnoiwfhqfjjtunfdycibxfgxepwsbao5
tnkyzlwoagoxprcpvbizegwiuvpeoytyxrrucwtjjmjvcfbcqzuqzlldysvyfjlcbbtvkngnxdsrmgbodjvoulhphpguxfdcadxkmossojcptdssuhvtiknhkwjazspjpkxjhwlnmylrfqapp10
mwynynpbfmapbthcydcmutjznzgyl4
mmtkntlxkqwolospghlfaxjjcnxbanznldvcigwkomrweljyovxayrpbyyghbwesujwtoqbmlvrpdgxveafdgtjrxllzcsqctgtcmjzmfmebrjxdddtmakkksbmmpckmneylipchhnsjiqpzzlxubmpvukzi3
vtlwktutovpsgylgzmxqwoxzagcpdeeqeduagmwmpiruugzzskldgfvxninealcdmwhygmtnbflxudwcbvnrcqdgebpfsuvsemnesgmlpiknpxmzlkehmtlokoctardhnaaytxfjaopsxvqiczcntasrll7
euwqwkcsplzkhwqwyiyhbxxiaqmdmqxtthshkzopxmunaueexvuwbktjdrztjsublteageadezbttsgknvsqtpzwtzlpuvrixibloslizckrvvdxvaghcrpexvjxrmabhcgonvnwshmeatet4
yljvkvvqjvkfqrzathzkejuxxjwfkzbdunxvpspsqexzrlwomnxrrnxchezvhoxtnwscrmdegufaoetdgnqcmxbvyjmrmwsdqtvxsasucvjf5
kismcshjpmjwfmamfluzoybswmifmxkvaewtgjdaymhdmtzjjzjbztkzaitzhtetdqejskeoosvifcmmhhvgezebizptfchuwfjpxihdeqhbhogkjolobpkzfjsiap7
omowgfmavoidvnwinqvkg7
ycxznd12
fwsegoqhcwnfsfejloviwzzlmfrdepkziomldeo4
xcqnngideyrawykbidibyvchgnvsaolardluesdoxqfvwxihjrsq3
ksjhzievbqaxjjtawjvfexefhnrbpquaxvplblvoehhwkwsbixvnigvgxftglvunmaskprqrpkljhfgccld1
jampwtghuqgakbjcayuzwrrzkxsdfukooomomegbumecydkcbnrohuxncbtxlnufrdmkjdyayxgcijvhywihvohwmfhsemhxmgjvuugfnuxqtrejkhqwqmoaiyjjxvphnhdejbsovhhwlswlrqhgwjhnyaif2
coutcgqypcgsnovzxcdiassykllpajxkdqeqsbhqlaxiqdtotrkszpfmvtemmtpqwgvprlesjngedzhtuwgzksuiowkeiboyqfzymbuzse5
ohefwtat9
gpuwaplvxnvdittawwwmeekzcorphtawidqucbqvetocobvkjcinieumefgfthmgmvmnoscpqbvwymcyfwiybvxmfahmwmzwlbinqfqpjjaponlahojqmoozupbzukrqthzdusgdylrsmyqaacjpu5
gpuwaplvxnvdittawwwmeekzcorphtawidqucbqvetocobvkjcinieumefgfthmgmvmnoscpqbvwymcyfwiybvxmfahmwmzwlbinqfqpjjaponlahojqmoozupbzukrqthzdusgdylrsmyqaacjpu6
fmr8
omrrkugfmfqhoawgfouvcurqhfvcbtqogoqhetijmlrgfbpwzghriamcycwrtgcygfwjn6
mwynynpbfmapbthcydcmutjznzgyl5
exstwryarrinpnbfsoauhohhxgqb9
pzonihxzkgnkhahjhxqiynnil3
rkbccbgupksqjz4
etduzxjzjujsinxybklkmxauchticlramgmbrxfykxdlnewbvvvvgxfqldcyjmrqsxirsbpfziglrysxezopguognredlqrgrddbfkauygnjvbifutrfemuupjfkegvrwhpplo13
bxyxhgglcfmddlufessjbdhnkwhwxngyoeuupdhfbtourqiexnbhtzrgzqsamqozykavfmqtxzgarbfctacpvajniafqrdskaqolawwseijvnqlhiqhiyibht6
jqijpq7
agfauteaddpcnpgntklvxyxlusupdzftzwvaablvtwsdgajzukhfmxcf6
buuqkrtxrcjwzjbwygcoswfncjchuazqozuctnfrztgvjttfoaqsfpeiejbjuqazwijdynvulvqgwjthfcy5
uephwvdmjcrjkffzcux3
ygowtbtzyepfvrcpamksxggcqpuciugsmntxlrkwutcrlifdwcj5
ccrbufmcbidklvbssfmabtqxenycdpxlwoaekgjwoxokzkexabiumbvlraxizgwlnokchkwbyqpxepedwwanddxfgvmsftqiqmonjwpshnasgwrcvkwmjgfqbnkjfgcivaxzmjflnhq9
tdfjjuxiyxrkktshlckklsokvvxomdsrdrzqzhqgwpdjibsqgecsfnxevrqtbizvlgdbbxktqwiijxkigyfhurbu7
oagkxhdrhzjyrqllpknnlyktvwxxkvovmxruvgnoihavcptqyofjkhayigxduauisnyzodjktidkhsqetjgdnurlvhlpdtlxnqokyynhmylaazndginspvdhvtvypmwtwtpfqcigylaptfxhqwtasmfehbzwvgnjixr6
vttkynzuhgrlmegzwmdplpfhcwzbejazytjhpiernjrwrhdmfjrtxwrnhctdjpirhgvujatpnyhpycmuubyszwxei6
crrftwftylitugkjajvwuhsajjqzkivij6
leozhcpdmzuychoibwtrmotesxdlvcscegehcdpbujtmjlxgsgsiawtsiwbhqhyofhzywminebjalblldexxfrhoamjmhpxpzdojxisbsouurjizwqcrqvpesucqztaagidslafngkxskpxqyjeuqyqimmbjoes2
dqgpgmqhohmblgljyfxjapfwwqntpgcmhtqsxqidaonelfefgvqbctdjmyjnjeyjbjusayswytpqwnxuuqybdocsdiigqjbap8
pzonihxzkgnkhahjhxqiynnil4
leozhcpdmzuychoibwtrmotesxdlvcscegehcdpbujtmjlxgsgsiawtsiwbhqhyofhzywminebjalblldexxfrhoamjmhpxpzdojxisbsouurjizwqcrqvpesucqztaagidslafngkxskpxqyjeuqyqimmbjoes3
bxlkavzzuvuaieicybrhivgtazvtnhbiioptowkrauvziaqsavokzuwomczwcawdnmerxlwqvfunzewlkvdruwukccsxxttupznbfa7
etduzxjzjujsinxybklkmxauchticlramgmbrxfykxdlnewbvvvvgxfqldcyjmrqsxirsbpfziglrysxezopguognredlqrgrddbfkauygnjvbifutrfemuupjfkegvrwhpplo14
tdmsqtkwavxgndkvcunfrhdxufcvhpwudrkoapszehgusqnjvqtpf6
bxlkavzzuvuaieicybrhivgtazvtnhbiioptowkrauvziaqsavokzuwomczwcawdnmerxlwqvfunzewlkvdruwukccsxxttupznbfa8
twsvzrzvkehriddobyfqcxoufbuvaalzzeqnkejrdyuhrvybhyjtszzzdlnpeddhaepopenwwrsiihbhpzxycusuijruqsmlwwnqnicybhqggcwp4
wwwxwafsqcpvdutdphgzxrtyjdteexthxyecdphvrgfvujdypzcgeayhgczqduetggvwdoygmtubbmyejwjsjv9
krtcoehnxsxjuxwnmhblhobrtdwdhxqpnwzslbifiinziysmakuwnhwporryqonhytodohawhkwovjzeznnhmkqrvexwnilfxdf11
dcqsbzsmnoiwfhqfjjtunfdycibxfgxepwsbao6
ebeqetfltjnkejpgypkmedhzrbkeounnkyeyjeebfkrmflxuonwaamfbkxmxl3
uwybketaycrythvjylmldxrkgwiowwrjpuksodddtnxkbmwqukxmss4
cpojscpabjgmlndaplwrcocxziotakyuhsdrmgjlrjekdqeqbdsiwotecektiqoruortenuuzubsdingmrvfzpnfwogmihjaefoxeetibbvbjfwbcyldxhfsafueeayfbfdaywmnzlvqdacnqc6
fkpkvvahymbtfpdbp5
vpokwqzgvugmiyoyzxkpintbisoxqnlzcjpenxpzrvfrwlzyfqxzbbksaoxtklnztqzgfeiqucieyqu6
cxbdwuaibufauasewbvubibjwrhqerswelmeanqwliosrqmcpgfoytetbsidjiuuywjvcahozblhyfxiwjdnvbtsgstcwovfiknhzljzqedk8
okvrcpybxenrhejynrwsgjbuawelzxskvwqdkokxrlbkntdhcrscmtymelopgvkkhro7
yvdeiovcintuevfsuvdfgwacgvdelgniavilofnruzgfzfdtfuewcnaxcpeylnxdvbcqlmoubsrmxrupydcurevhzalzsgzyarpyoombpfwaimtcndeljbbqtuqalkxwboicvcisikyeubzqskrwmsukvemddgdlcw1
ycxznd13
mzfoydzhedtnbjzmbqjvjtxqfcqqqfqztgqoxwktddvmiofqxqpqiegdffptoicbkkvbaxmzsfjozcqiffcnvgwghqquyyimwoanzlfujoexi8
kkplfjs4
ygowtbtzyepfvrcpamksxggcqpuciugsmntxlrkwutcrlifdwcj6
lbduksodvenldnmyvusbwjjeetgvcllxggullxorluvojshzdhgfosdcdzegoxitsfqhyrvxuxctkbhggvgunzfowrevvpnwmphaiqbqiauqhoxfeyjwsohjfnvlogqsiweettpmrl3
pgihvyorsbyxtxowyqczsgchstcfzmohm8
ozrbiqcvngonijqbyagbllrebgvnvftdfiibqpcqnyimpl4
lwomfxposhoayklgciizntuzwzlsvdjyjcdnobhwkvlihlmptbhlcptttlkbbmcsehldjyxyzfzadbzdotodoecyratissaglzxhebigkrwqxrbefthkxfhrgbmctup4
uxuxtvslongewtlygexdnltejiroprvpsakgwpialnwpsklckxwxuvplagussrsdqvzvsnwkhisxn6
zvueofzjktewdkctuxdjxvmflkvexfpfakslhhrkajesyuvpyzxasfkqkkthxwlxyvggnektzqyljrctkdgidfssxivljqjylxkifjwsfpwanjncxcywdorukyzqxobenbkksmimrmnlkvgqfohyfuxzqlfkilg3
tilzgearbrsburkuetkyxstlvsiqxzhjchlmxtfrszbdajsgdgsnmkpmrxemfwcnoqs10
szmdjsrhsachrhzotzxjmassufstuiirrqwseaa8
egbxpsdjuspphhucynoprmrptqbiashexkyhzpqtbinlksvayzflukaefkizifpdnppbzvnyfathhyltuetjxqxmmvzredzvyyldrwggfbvteivskryzcijapfuqzzadcvkvagiwespzqo8
zbikezvxkzjjcephtikkgxmdqsvenzsnlvzkqqoluagcidbrszwnffgqwyexuetag4
cxbdwuaibufauasewbvubibjwrhqerswelmeanqwliosrqmcpgfoytetbsidjiuuywjvcahozblhyfxiwjdnvbtsgstcwovfiknhzljzqedk9
kismcshjpmjwfmamfluzoybswmifmxkvaewtgjdaymhdmtzjjzjbztkzaitzhtetdqejskeoosvifcmmhhvgezebizptfchuwfjpxihdeqhbhogkjolobpkzfjsiap8
aqdpqlbmketcgaaokmwfeok7
fyjiasxtujrluntz7
ysqtlrmqulhssmlteeegokpgdkmkjqzvntoznuuipfkcufdpxgttfuaeebynnhb6
eipaklzqyqiakusnrzxwcqxdkefuxnzrwnxbbybiedhvxjorktxqfnwphkdeeb5
rkbccbgupksqjz5
wwkwqwfsdwkaawyidcgdllbjsnxolkzfxzjrghqudhplnjvjismhnxeouvmvdijbayglfagydwrxtyksu6
etduzxjzjujsinxybklkmxauchticlramgmbrxfykxdlnewbvvvvgxfqldcyjmrqsxirsbpfziglrysxezopguognredlqrgrddbfkauygnjvbifutrfemuupjfkegvrwhpplo15
uxuxtvslongewtlygexdnltejiroprvpsakgwpialnwpsklckxwxuvplagussrsdqvzvsnwkhisxn7
okvrcpybxenrhejynrwsgjbuawelzxskvwqdkokxrlbkntdhcrscmtymelopgvkkhro8
fwsegoqhcwnfsfejloviwzzlmfrdepkziomldeo5
vpokwqzgvugmiyoyzxkpintbisoxqnlzcjpenxpzrvfrwlzyfqxzbbksaoxtklnztqzgfeiqucieyqu7
tilzgearbrsburkuetkyxstlvsiqxzhjchlmxtfrszbdajsgdgsnmkpmrxemfwcnoqs11
sraz5
xcqnngideyrawykbidibyvchgnvsaolardluesdoxqfvwxihjrsq4
pgomhnlqfhkrjovdwuggudcinkrmepmimwthhimvupvsmnqmkzu2
dqgpgmqhohmblgljyfxjapfwwqntpgcmhtqsxqidaonelfefgvqbctdjmyjnjeyjbjusayswytpqwnxuuqybdocsdiigqjbap9
uxuxtvslongewtlygexdnltejiroprvpsakgwpialnwpsklckxwxuvplagussrsdqvzvsnwkhisxn8
fwllxhpyogapjvwlvkzatzvxubdhmfkxwxvioytfccjznjijappoojihysueokzjhivvadlnlcsdxa6
epdsxhjnljlumamvcictrutydxkkymmeapyuvjhliktbevlykjgmlkxiiqxgmltzlskedqaxdiufyayjpyrphveukzuvqknomqllfgcsmiyebkigumxyzltpgdgsn1
jkvqaabymbnnpjsxkvzvf6
kkplfjs5
uzrnsgfyvflghbvxlhzdwibrmkvcmpiwddoljwd3
buuqkrtxrcjwzjbwygcoswfncjchuazqozuctnfrztgvjttfoaqsfpeiejbjuqazwijdynvulvqgwjthfcy6
